{"meta": {"format": 3, "version": "7.10.7", "timestamp": "2025-09-26T18:12:54.507650", "branch_coverage": false, "show_contexts": false}, "files": {"src/analysis/__init__.py": {"executed_lines": [], "summary": {"covered_lines": 0, "num_statements": 0, "percent_covered": 100.0, "percent_covered_display": "100", "missing_lines": 0, "excluded_lines": 0}, "missing_lines": [], "excluded_lines": [], "functions": {"": {"executed_lines": [], "summary": {"covered_lines": 0, "num_statements": 0, "percent_covered": 100.0, "percent_covered_display": "100", "missing_lines": 0, "excluded_lines": 0}, "missing_lines": [], "excluded_lines": []}}, "classes": {"": {"executed_lines": [], "summary": {"covered_lines": 0, "num_statements": 0, "percent_covered": 100.0, "percent_covered_display": "100", "missing_lines": 0, "excluded_lines": 0}, "missing_lines": [], "excluded_lines": []}}}, "src/analysis/engines/__init__.py": {"executed_lines": [], "summary": {"covered_lines": 0, "num_statements": 0, "percent_covered": 100.0, "percent_covered_display": "100", "missing_lines": 0, "excluded_lines": 0}, "missing_lines": [], "excluded_lines": [], "functions": {"": {"executed_lines": [], "summary": {"covered_lines": 0, "num_statements": 0, "percent_covered": 100.0, "percent_covered_display": "100", "missing_lines": 0, "excluded_lines": 0}, "missing_lines": [], "excluded_lines": []}}, "classes": {"": {"executed_lines": [], "summary": {"covered_lines": 0, "num_statements": 0, "percent_covered": 100.0, "percent_covered_display": "100", "missing_lines": 0, "excluded_lines": 0}, "missing_lines": [], "excluded_lines": []}}}, "src/analysis/engines/layer1_lightgbm.py": {"executed_lines": [], "summary": {"covered_lines": 0, "num_statements": 140, "percent_covered": 0.0, "percent_covered_display": "0", "missing_lines": 140, "excluded_lines": 0}, "missing_lines": [11, 12, 13, 14, 15, 17, 18, 19, 20, 21, 24, 27, 28, 29, 30, 31, 32, 33, 34, 37, 50, 52, 54, 57, 60, 61, 64, 66, 68, 69, 70, 72, 74, 76, 77, 81, 82, 86, 87, 91, 92, 95, 99, 105, 107, 108, 109, 111, 115, 116, 119, 122, 123, 124, 127, 128, 131, 141, 146, 147, 149, 150, 151, 152, 155, 156, 158, 168, 172, 174, 175, 176, 178, 180, 181, 182, 185, 188, 190, 192, 193, 194, 196, 198, 199, 200, 202, 203, 206, 207, 210, 211, 214, 215, 216, 219, 220, 221, 223, 224, 226, 227, 228, 230, 232, 233, 234, 235, 237, 240, 241, 242, 243, 245, 247, 248, 249, 251, 253, 254, 257, 261, 263, 265, 266, 268, 269, 270, 273, 274, 276, 284, 285, 286, 289, 291, 320, 322, 323, 326], "excluded_lines": [], "functions": {"Layer1LightGBM.__init__": {"executed_lines": [], "summary": {"covered_lines": 0, "num_statements": 8, "percent_covered": 0.0, "percent_covered_display": "0", "missing_lines": 8, "excluded_lines": 0}, "missing_lines": [28, 29, 30, 31, 32, 33, 34, 37], "excluded_lines": []}, "Layer1LightGBM.prepare_features": {"executed_lines": [], "summary": {"covered_lines": 0, "num_statements": 10, "percent_covered": 0.0, "percent_covered_display": "0", "missing_lines": 10, "excluded_lines": 0}, "missing_lines": [52, 54, 57, 60, 61, 64, 66, 68, 69, 70], "excluded_lines": []}, "Layer1LightGBM._engineer_features": {"executed_lines": [], "summary": {"covered_lines": 0, "num_statements": 15, "percent_covered": 0.0, "percent_covered_display": "0", "missing_lines": 15, "excluded_lines": 0}, "missing_lines": [74, 76, 77, 81, 82, 86, 87, 91, 92, 95, 99, 105, 107, 108, 109], "excluded_lines": []}, "Layer1LightGBM.train": {"executed_lines": [], "summary": {"covered_lines": 0, "num_statements": 24, "percent_covered": 0.0, "percent_covered_display": "0", "missing_lines": 24, "excluded_lines": 0}, "missing_lines": [115, 116, 119, 122, 123, 124, 127, 128, 131, 141, 146, 147, 149, 150, 151, 152, 155, 156, 158, 168, 172, 174, 175, 176], "excluded_lines": []}, "Layer1LightGBM.predict": {"executed_lines": [], "summary": {"covered_lines": 0, "num_statements": 9, "percent_covered": 0.0, "percent_covered_display": "0", "missing_lines": 9, "excluded_lines": 0}, "missing_lines": [180, 181, 182, 185, 188, 190, 192, 193, 194], "excluded_lines": []}, "Layer1LightGBM.save_model": {"executed_lines": [], "summary": {"covered_lines": 0, "num_statements": 20, "percent_covered": 0.0, "percent_covered_display": "0", "missing_lines": 20, "excluded_lines": 0}, "missing_lines": [198, 199, 200, 202, 203, 206, 207, 210, 211, 214, 215, 216, 219, 220, 221, 223, 224, 226, 227, 228], "excluded_lines": []}, "Layer1LightGBM.load_model": {"executed_lines": [], "summary": {"covered_lines": 0, "num_statements": 13, "percent_covered": 0.0, "percent_covered_display": "0", "missing_lines": 13, "excluded_lines": 0}, "missing_lines": [232, 233, 234, 235, 237, 240, 241, 242, 243, 245, 247, 248, 249], "excluded_lines": []}, "Layer1LightGBM.get_feature_importance": {"executed_lines": [], "summary": {"covered_lines": 0, "num_statements": 4, "percent_covered": 0.0, "percent_covered_display": "0", "missing_lines": 4, "excluded_lines": 0}, "missing_lines": [253, 254, 257, 261], "excluded_lines": []}, "Layer1LightGBM.evaluate": {"executed_lines": [], "summary": {"covered_lines": 0, "num_statements": 11, "percent_covered": 0.0, "percent_covered_display": "0", "missing_lines": 11, "excluded_lines": 0}, "missing_lines": [265, 266, 268, 269, 270, 273, 274, 276, 284, 285, 286], "excluded_lines": []}, "create_layer1_config": {"executed_lines": [], "summary": {"covered_lines": 0, "num_statements": 1, "percent_covered": 0.0, "percent_covered_display": "0", "missing_lines": 1, "excluded_lines": 0}, "missing_lines": [291], "excluded_lines": []}, "": {"executed_lines": [], "summary": {"covered_lines": 0, "num_statements": 25, "percent_covered": 0.0, "percent_covered_display": "0", "missing_lines": 25, "excluded_lines": 0}, "missing_lines": [11, 12, 13, 14, 15, 17, 18, 19, 20, 21, 24, 27, 50, 72, 111, 178, 196, 230, 251, 263, 289, 320, 322, 323, 326], "excluded_lines": []}}, "classes": {"Layer1LightGBM": {"executed_lines": [], "summary": {"covered_lines": 0, "num_statements": 114, "percent_covered": 0.0, "percent_covered_display": "0", "missing_lines": 114, "excluded_lines": 0}, "missing_lines": [28, 29, 30, 31, 32, 33, 34, 37, 52, 54, 57, 60, 61, 64, 66, 68, 69, 70, 74, 76, 77, 81, 82, 86, 87, 91, 92, 95, 99, 105, 107, 108, 109, 115, 116, 119, 122, 123, 124, 127, 128, 131, 141, 146, 147, 149, 150, 151, 152, 155, 156, 158, 168, 172, 174, 175, 176, 180, 181, 182, 185, 188, 190, 192, 193, 194, 198, 199, 200, 202, 203, 206, 207, 210, 211, 214, 215, 216, 219, 220, 221, 223, 224, 226, 227, 228, 232, 233, 234, 235, 237, 240, 241, 242, 243, 245, 247, 248, 249, 253, 254, 257, 261, 265, 266, 268, 269, 270, 273, 274, 276, 284, 285, 286], "excluded_lines": []}, "": {"executed_lines": [], "summary": {"covered_lines": 0, "num_statements": 26, "percent_covered": 0.0, "percent_covered_display": "0", "missing_lines": 26, "excluded_lines": 0}, "missing_lines": [11, 12, 13, 14, 15, 17, 18, 19, 20, 21, 24, 27, 50, 72, 111, 178, 196, 230, 251, 263, 289, 291, 320, 322, 323, 326], "excluded_lines": []}}}, "src/analysis/engines/layer2_finbert.py": {"executed_lines": [], "summary": {"covered_lines": 0, "num_statements": 179, "percent_covered": 0.0, "percent_covered_display": "0", "missing_lines": 179, "excluded_lines": 0}, "missing_lines": [11, 12, 13, 14, 15, 16, 18, 19, 20, 21, 29, 32, 35, 36, 37, 38, 39, 40, 41, 42, 43, 46, 47, 49, 53, 54, 57, 60, 67, 69, 71, 72, 73, 75, 79, 81, 82, 83, 85, 86, 88, 91, 99, 104, 105, 107, 109, 110, 111, 113, 115, 117, 119, 121, 122, 123, 124, 126, 130, 131, 133, 134, 135, 136, 137, 139, 140, 142, 143, 149, 153, 154, 155, 157, 161, 162, 163, 165, 168, 171, 172, 173, 178, 199, 208, 211, 214, 215, 216, 221, 222, 226, 234, 238, 240, 241, 242, 244, 246, 247, 248, 250, 253, 256, 257, 258, 259, 262, 266, 270, 271, 272, 275, 276, 278, 279, 281, 283, 284, 285, 287, 289, 290, 291, 292, 293, 294, 296, 298, 299, 300, 302, 303, 306, 307, 310, 311, 314, 315, 316, 318, 319, 321, 322, 323, 325, 327, 329, 332, 333, 335, 337, 338, 339, 341, 343, 344, 347, 351, 352, 356, 364, 365, 366, 369, 371, 379, 381, 394, 396, 399, 401, 402, 405, 408, 409, 412, 413, 414], "excluded_lines": [], "functions": {"Layer2FinBERT.__init__": {"executed_lines": [], "summary": {"covered_lines": 0, "num_statements": 10, "percent_covered": 0.0, "percent_covered_display": "0", "missing_lines": 10, "excluded_lines": 0}, "missing_lines": [36, 37, 38, 39, 40, 41, 42, 43, 46, 47], "excluded_lines": []}, "Layer2FinBERT.load_pretrained_model": {"executed_lines": [], "summary": {"covered_lines": 0, "num_statements": 9, "percent_covered": 0.0, "percent_covered_display": "0", "missing_lines": 9, "excluded_lines": 0}, "missing_lines": [53, 54, 57, 60, 67, 69, 71, 72, 73], "excluded_lines": []}, "Layer2FinBERT.prepare_text_data": {"executed_lines": [], "summary": {"covered_lines": 0, "num_statements": 15, "percent_covered": 0.0, "percent_covered_display": "0", "missing_lines": 15, "excluded_lines": 0}, "missing_lines": [79, 81, 82, 83, 85, 86, 88, 91, 99, 104, 105, 107, 109, 110, 111], "excluded_lines": []}, "Layer2FinBERT._clean_text": {"executed_lines": [], "summary": {"covered_lines": 0, "num_statements": 7, "percent_covered": 0.0, "percent_covered_display": "0", "missing_lines": 7, "excluded_lines": 0}, "missing_lines": [115, 117, 119, 121, 122, 123, 124], "excluded_lines": []}, "Layer2FinBERT.create_dataset": {"executed_lines": [], "summary": {"covered_lines": 0, "num_statements": 10, "percent_covered": 0.0, "percent_covered_display": "0", "missing_lines": 10, "excluded_lines": 0}, "missing_lines": [130, 131, 133, 134, 139, 142, 149, 153, 154, 155], "excluded_lines": []}, "Layer2FinBERT.create_dataset.TextDataset.__init__": {"executed_lines": [], "summary": {"covered_lines": 0, "num_statements": 3, "percent_covered": 0.0, "percent_covered_display": "0", "missing_lines": 3, "excluded_lines": 0}, "missing_lines": [135, 136, 137], "excluded_lines": []}, "Layer2FinBERT.create_dataset.TextDataset.__len__": {"executed_lines": [], "summary": {"covered_lines": 0, "num_statements": 1, "percent_covered": 0.0, "percent_covered_display": "0", "missing_lines": 1, "excluded_lines": 0}, "missing_lines": [140], "excluded_lines": []}, "Layer2FinBERT.create_dataset.TextDataset.__getitem__": {"executed_lines": [], "summary": {"covered_lines": 0, "num_statements": 1, "percent_covered": 0.0, "percent_covered_display": "0", "missing_lines": 1, "excluded_lines": 0}, "missing_lines": [143], "excluded_lines": []}, "Layer2FinBERT.train": {"executed_lines": [], "summary": {"covered_lines": 0, "num_statements": 23, "percent_covered": 0.0, "percent_covered_display": "0", "missing_lines": 23, "excluded_lines": 0}, "missing_lines": [161, 162, 163, 165, 168, 171, 172, 173, 178, 199, 208, 211, 214, 215, 216, 221, 222, 226, 234, 238, 240, 241, 242], "excluded_lines": []}, "Layer2FinBERT.predict": {"executed_lines": [], "summary": {"covered_lines": 0, "num_statements": 22, "percent_covered": 0.0, "percent_covered_display": "0", "missing_lines": 22, "excluded_lines": 0}, "missing_lines": [246, 247, 248, 250, 253, 256, 257, 258, 259, 262, 266, 270, 271, 272, 275, 276, 278, 279, 281, 283, 284, 285], "excluded_lines": []}, "Layer2FinBERT.predict_single": {"executed_lines": [], "summary": {"covered_lines": 0, "num_statements": 6, "percent_covered": 0.0, "percent_covered_display": "0", "missing_lines": 6, "excluded_lines": 0}, "missing_lines": [289, 290, 291, 292, 293, 294], "excluded_lines": []}, "Layer2FinBERT.save_model": {"executed_lines": [], "summary": {"covered_lines": 0, "num_statements": 17, "percent_covered": 0.0, "percent_covered_display": "0", "missing_lines": 17, "excluded_lines": 0}, "missing_lines": [298, 299, 300, 302, 303, 306, 307, 310, 311, 314, 315, 316, 318, 319, 321, 322, 323], "excluded_lines": []}, "Layer2FinBERT.load_model": {"executed_lines": [], "summary": {"covered_lines": 0, "num_statements": 8, "percent_covered": 0.0, "percent_covered_display": "0", "missing_lines": 8, "excluded_lines": 0}, "missing_lines": [327, 329, 332, 333, 335, 337, 338, 339], "excluded_lines": []}, "Layer2FinBERT.evaluate": {"executed_lines": [], "summary": {"covered_lines": 0, "num_statements": 9, "percent_covered": 0.0, "percent_covered_display": "0", "missing_lines": 9, "excluded_lines": 0}, "missing_lines": [343, 344, 347, 351, 352, 356, 364, 365, 366], "excluded_lines": []}, "create_layer2_config": {"executed_lines": [], "summary": {"covered_lines": 0, "num_statements": 1, "percent_covered": 0.0, "percent_covered_display": "0", "missing_lines": 1, "excluded_lines": 0}, "missing_lines": [371], "excluded_lines": []}, "create_sample_training_data": {"executed_lines": [], "summary": {"covered_lines": 0, "num_statements": 3, "percent_covered": 0.0, "percent_covered_display": "0", "missing_lines": 3, "excluded_lines": 0}, "missing_lines": [381, 394, 396], "excluded_lines": []}, "": {"executed_lines": [], "summary": {"covered_lines": 0, "num_statements": 34, "percent_covered": 0.0, "percent_covered_display": "0", "missing_lines": 34, "excluded_lines": 0}, "missing_lines": [11, 12, 13, 14, 15, 16, 18, 19, 20, 21, 29, 32, 35, 49, 75, 113, 126, 157, 244, 287, 296, 325, 341, 369, 379, 399, 401, 402, 405, 408, 409, 412, 413, 414], "excluded_lines": []}}, "classes": {"Layer2FinBERT": {"executed_lines": [], "summary": {"covered_lines": 0, "num_statements": 136, "percent_covered": 0.0, "percent_covered_display": "0", "missing_lines": 136, "excluded_lines": 0}, "missing_lines": [36, 37, 38, 39, 40, 41, 42, 43, 46, 47, 53, 54, 57, 60, 67, 69, 71, 72, 73, 79, 81, 82, 83, 85, 86, 88, 91, 99, 104, 105, 107, 109, 110, 111, 115, 117, 119, 121, 122, 123, 124, 130, 131, 133, 134, 139, 142, 149, 153, 154, 155, 161, 162, 163, 165, 168, 171, 172, 173, 178, 199, 208, 211, 214, 215, 216, 221, 222, 226, 234, 238, 240, 241, 242, 246, 247, 248, 250, 253, 256, 257, 258, 259, 262, 266, 270, 271, 272, 275, 276, 278, 279, 281, 283, 284, 285, 289, 290, 291, 292, 293, 294, 298, 299, 300, 302, 303, 306, 307, 310, 311, 314, 315, 316, 318, 319, 321, 322, 323, 327, 329, 332, 333, 335, 337, 338, 339, 343, 344, 347, 351, 352, 356, 364, 365, 366], "excluded_lines": []}, "Layer2FinBERT.create_dataset.TextDataset": {"executed_lines": [], "summary": {"covered_lines": 0, "num_statements": 5, "percent_covered": 0.0, "percent_covered_display": "0", "missing_lines": 5, "excluded_lines": 0}, "missing_lines": [135, 136, 137, 140, 143], "excluded_lines": []}, "": {"executed_lines": [], "summary": {"covered_lines": 0, "num_statements": 38, "percent_covered": 0.0, "percent_covered_display": "0", "missing_lines": 38, "excluded_lines": 0}, "missing_lines": [11, 12, 13, 14, 15, 16, 18, 19, 20, 21, 29, 32, 35, 49, 75, 113, 126, 157, 244, 287, 296, 325, 341, 369, 371, 379, 381, 394, 396, 399, 401, 402, 405, 408, 409, 412, 413, 414], "excluded_lines": []}}}, "src/analysis/engines/layer3_llama3.py": {"executed_lines": [], "summary": {"covered_lines": 0, "num_statements": 164, "percent_covered": 0.0, "percent_covered_display": "0", "missing_lines": 164, "excluded_lines": 0}, "missing_lines": [11, 12, 13, 14, 15, 16, 18, 19, 27, 30, 33, 34, 35, 36, 37, 38, 39, 40, 41, 44, 57, 63, 67, 68, 71, 76, 77, 80, 89, 91, 92, 94, 96, 98, 99, 100, 102, 103, 104, 106, 107, 109, 110, 111, 113, 124, 125, 134, 135, 136, 138, 149, 150, 151, 154, 165, 170, 171, 181, 184, 186, 188, 189, 191, 193, 195, 196, 199, 206, 207, 208, 210, 212, 213, 214, 217, 219, 220, 221, 223, 226, 228, 232, 233, 235, 237, 248, 251, 255, 263, 265, 266, 267, 269, 273, 274, 275, 277, 282, 285, 286, 287, 290, 291, 294, 299, 322, 331, 334, 336, 342, 346, 348, 349, 350, 352, 355, 356, 357, 358, 359, 361, 362, 364, 365, 366, 373, 379, 383, 385, 386, 387, 389, 390, 393, 394, 397, 398, 401, 402, 403, 405, 406, 408, 409, 410, 412, 414, 416, 419, 420, 422, 424, 425, 426, 429, 431, 439, 441, 465, 467, 468, 471, 480], "excluded_lines": [], "functions": {"Layer3Llama3.__init__": {"executed_lines": [], "summary": {"covered_lines": 0, "num_statements": 10, "percent_covered": 0.0, "percent_covered_display": "0", "missing_lines": 10, "excluded_lines": 0}, "missing_lines": [34, 35, 36, 37, 38, 39, 40, 41, 44, 57], "excluded_lines": []}, "Layer3Llama3.load_pretrained_model": {"executed_lines": [], "summary": {"covered_lines": 0, "num_statements": 10, "percent_covered": 0.0, "percent_covered_display": "0", "missing_lines": 10, "excluded_lines": 0}, "missing_lines": [67, 68, 71, 76, 77, 80, 89, 91, 92, 94], "excluded_lines": []}, "Layer3Llama3._load_fallback_model": {"executed_lines": [], "summary": {"covered_lines": 0, "num_statements": 11, "percent_covered": 0.0, "percent_covered_display": "0", "missing_lines": 11, "excluded_lines": 0}, "missing_lines": [98, 99, 100, 102, 103, 104, 106, 107, 109, 110, 111], "excluded_lines": []}, "Layer3Llama3.create_prediction_prompt": {"executed_lines": [], "summary": {"covered_lines": 0, "num_statements": 5, "percent_covered": 0.0, "percent_covered_display": "0", "missing_lines": 5, "excluded_lines": 0}, "missing_lines": [124, 125, 134, 135, 136], "excluded_lines": []}, "Layer3Llama3.predict": {"executed_lines": [], "summary": {"covered_lines": 0, "num_statements": 13, "percent_covered": 0.0, "percent_covered_display": "0", "missing_lines": 13, "excluded_lines": 0}, "missing_lines": [149, 150, 151, 154, 165, 170, 171, 181, 184, 186, 188, 189, 191], "excluded_lines": []}, "Layer3Llama3._extract_prediction_from_response": {"executed_lines": [], "summary": {"covered_lines": 0, "num_statements": 14, "percent_covered": 0.0, "percent_covered_display": "0", "missing_lines": 14, "excluded_lines": 0}, "missing_lines": [195, 196, 199, 206, 207, 208, 210, 212, 213, 214, 217, 219, 220, 221], "excluded_lines": []}, "Layer3Llama3._fallback_prediction": {"executed_lines": [], "summary": {"covered_lines": 0, "num_statements": 1, "percent_covered": 0.0, "percent_covered_display": "0", "missing_lines": 1, "excluded_lines": 0}, "missing_lines": [226], "excluded_lines": []}, "Layer3Llama3.prepare_training_data": {"executed_lines": [], "summary": {"covered_lines": 0, "num_statements": 11, "percent_covered": 0.0, "percent_covered_display": "0", "missing_lines": 11, "excluded_lines": 0}, "missing_lines": [232, 233, 235, 237, 248, 251, 255, 263, 265, 266, 267], "excluded_lines": []}, "Layer3Llama3.train": {"executed_lines": [], "summary": {"covered_lines": 0, "num_statements": 21, "percent_covered": 0.0, "percent_covered_display": "0", "missing_lines": 21, "excluded_lines": 0}, "missing_lines": [273, 274, 275, 277, 282, 285, 286, 287, 290, 291, 294, 299, 322, 331, 334, 336, 342, 346, 348, 349, 350], "excluded_lines": []}, "Layer3Llama3._create_dataset": {"executed_lines": [], "summary": {"covered_lines": 0, "num_statements": 5, "percent_covered": 0.0, "percent_covered_display": "0", "missing_lines": 5, "excluded_lines": 0}, "missing_lines": [355, 356, 361, 364, 379], "excluded_lines": []}, "Layer3Llama3._create_dataset.TextDataset.__init__": {"executed_lines": [], "summary": {"covered_lines": 0, "num_statements": 3, "percent_covered": 0.0, "percent_covered_display": "0", "missing_lines": 3, "excluded_lines": 0}, "missing_lines": [357, 358, 359], "excluded_lines": []}, "Layer3Llama3._create_dataset.TextDataset.__len__": {"executed_lines": [], "summary": {"covered_lines": 0, "num_statements": 1, "percent_covered": 0.0, "percent_covered_display": "0", "missing_lines": 1, "excluded_lines": 0}, "missing_lines": [362], "excluded_lines": []}, "Layer3Llama3._create_dataset.TextDataset.__getitem__": {"executed_lines": [], "summary": {"covered_lines": 0, "num_statements": 3, "percent_covered": 0.0, "percent_covered_display": "0", "missing_lines": 3, "excluded_lines": 0}, "missing_lines": [365, 366, 373], "excluded_lines": []}, "Layer3Llama3.save_model": {"executed_lines": [], "summary": {"covered_lines": 0, "num_statements": 17, "percent_covered": 0.0, "percent_covered_display": "0", "missing_lines": 17, "excluded_lines": 0}, "missing_lines": [385, 386, 387, 389, 390, 393, 394, 397, 398, 401, 402, 403, 405, 406, 408, 409, 410], "excluded_lines": []}, "Layer3Llama3.load_model": {"executed_lines": [], "summary": {"covered_lines": 0, "num_statements": 8, "percent_covered": 0.0, "percent_covered_display": "0", "missing_lines": 8, "excluded_lines": 0}, "missing_lines": [414, 416, 419, 420, 422, 424, 425, 426], "excluded_lines": []}, "create_layer3_config": {"executed_lines": [], "summary": {"covered_lines": 0, "num_statements": 1, "percent_covered": 0.0, "percent_covered_display": "0", "missing_lines": 1, "excluded_lines": 0}, "missing_lines": [431], "excluded_lines": []}, "create_sample_training_data": {"executed_lines": [], "summary": {"covered_lines": 0, "num_statements": 1, "percent_covered": 0.0, "percent_covered_display": "0", "missing_lines": 1, "excluded_lines": 0}, "missing_lines": [441], "excluded_lines": []}, "": {"executed_lines": [], "summary": {"covered_lines": 0, "num_statements": 29, "percent_covered": 0.0, "percent_covered_display": "0", "missing_lines": 29, "excluded_lines": 0}, "missing_lines": [11, 12, 13, 14, 15, 16, 18, 19, 27, 30, 33, 63, 96, 113, 138, 193, 223, 228, 269, 352, 383, 412, 429, 439, 465, 467, 468, 471, 480], "excluded_lines": []}}, "classes": {"Layer3Llama3": {"executed_lines": [], "summary": {"covered_lines": 0, "num_statements": 126, "percent_covered": 0.0, "percent_covered_display": "0", "missing_lines": 126, "excluded_lines": 0}, "missing_lines": [34, 35, 36, 37, 38, 39, 40, 41, 44, 57, 67, 68, 71, 76, 77, 80, 89, 91, 92, 94, 98, 99, 100, 102, 103, 104, 106, 107, 109, 110, 111, 124, 125, 134, 135, 136, 149, 150, 151, 154, 165, 170, 171, 181, 184, 186, 188, 189, 191, 195, 196, 199, 206, 207, 208, 210, 212, 213, 214, 217, 219, 220, 221, 226, 232, 233, 235, 237, 248, 251, 255, 263, 265, 266, 267, 273, 274, 275, 277, 282, 285, 286, 287, 290, 291, 294, 299, 322, 331, 334, 336, 342, 346, 348, 349, 350, 355, 356, 361, 364, 379, 385, 386, 387, 389, 390, 393, 394, 397, 398, 401, 402, 403, 405, 406, 408, 409, 410, 414, 416, 419, 420, 422, 424, 425, 426], "excluded_lines": []}, "Layer3Llama3._create_dataset.TextDataset": {"executed_lines": [], "summary": {"covered_lines": 0, "num_statements": 7, "percent_covered": 0.0, "percent_covered_display": "0", "missing_lines": 7, "excluded_lines": 0}, "missing_lines": [357, 358, 359, 362, 365, 366, 373], "excluded_lines": []}, "": {"executed_lines": [], "summary": {"covered_lines": 0, "num_statements": 31, "percent_covered": 0.0, "percent_covered_display": "0", "missing_lines": 31, "excluded_lines": 0}, "missing_lines": [11, 12, 13, 14, 15, 16, 18, 19, 27, 30, 33, 63, 96, 113, 138, 193, 223, 228, 269, 352, 383, 412, 429, 431, 439, 441, 465, 467, 468, 471, 480], "excluded_lines": []}}}, "src/analysis/engines/learning_loop_coordinator.py": {"executed_lines": [], "summary": {"covered_lines": 0, "num_statements": 241, "percent_covered": 0.0, "percent_covered_display": "0", "missing_lines": 241, "excluded_lines": 0}, "missing_lines": [11, 12, 13, 14, 15, 16, 17, 19, 20, 21, 22, 25, 27, 28, 29, 32, 33, 36, 37, 38, 39, 40, 41, 42, 43, 44, 45, 46, 47, 50, 53, 54, 55, 56, 59, 60, 61, 62, 65, 68, 69, 71, 73, 81, 83, 85, 86, 93, 94, 95, 96, 98, 100, 101, 106, 109, 110, 113, 114, 115, 116, 119, 120, 121, 123, 128, 131, 132, 134, 135, 138, 146, 147, 150, 151, 152, 153, 158, 161, 164, 166, 169, 171, 172, 173, 175, 176, 178, 187, 189, 190, 192, 193, 196, 199, 200, 202, 203, 204, 207, 210, 211, 214, 215, 218, 219, 222, 223, 226, 229, 230, 233, 236, 237, 238, 240, 241, 244, 245, 248, 258, 268, 269, 270, 273, 274, 275, 278, 281, 282, 285, 288, 304, 305, 307, 310, 312, 314, 315, 316, 318, 320, 335, 339, 341, 343, 348, 366, 367, 370, 371, 372, 373, 374, 375, 376, 378, 380, 390, 392, 393, 395, 396, 399, 400, 402, 415, 416, 417, 419, 421, 423, 424, 425, 426, 428, 436, 437, 438, 441, 442, 443, 446, 454, 455, 457, 459, 460, 462, 464, 465, 466, 469, 470, 471, 474, 475, 476, 477, 487, 501, 529, 530, 532, 533, 535, 536, 537, 539, 543, 546, 547, 549, 550, 553, 556, 557, 560, 563, 564, 566, 569, 571, 573, 574, 575, 576, 580, 583, 584, 585, 586, 588, 603, 605, 607, 608, 612, 613, 616, 617], "excluded_lines": [], "functions": {"LearningLoopCoordinator.__init__": {"executed_lines": [], "summary": {"covered_lines": 0, "num_statements": 10, "percent_covered": 0.0, "percent_covered_display": "0", "missing_lines": 10, "excluded_lines": 0}, "missing_lines": [54, 55, 56, 59, 60, 61, 62, 65, 68, 69], "excluded_lines": []}, "LearningLoopCoordinator._setup_logging": {"executed_lines": [], "summary": {"covered_lines": 0, "num_statements": 2, "percent_covered": 0.0, "percent_covered_display": "0", "missing_lines": 2, "excluded_lines": 0}, "missing_lines": [73, 81], "excluded_lines": []}, "LearningLoopCoordinator.connect_database": {"executed_lines": [], "summary": {"covered_lines": 0, "num_statements": 6, "percent_covered": 0.0, "percent_covered_display": "0", "missing_lines": 6, "excluded_lines": 0}, "missing_lines": [85, 86, 93, 94, 95, 96], "excluded_lines": []}, "LearningLoopCoordinator.run_historical_loop": {"executed_lines": [], "summary": {"covered_lines": 0, "num_statements": 35, "percent_covered": 0.0, "percent_covered_display": "0", "missing_lines": 35, "excluded_lines": 0}, "missing_lines": [100, 101, 106, 109, 110, 113, 114, 115, 116, 119, 120, 121, 123, 128, 131, 132, 134, 135, 138, 146, 147, 150, 151, 152, 153, 158, 161, 164, 166, 169, 171, 172, 173, 175, 176], "excluded_lines": []}, "LearningLoopCoordinator._execute_learning_iteration": {"executed_lines": [], "summary": {"covered_lines": 0, "num_statements": 52, "percent_covered": 0.0, "percent_covered_display": "0", "missing_lines": 52, "excluded_lines": 0}, "missing_lines": [187, 189, 190, 192, 193, 196, 199, 200, 202, 203, 204, 207, 210, 211, 214, 215, 218, 219, 222, 223, 226, 229, 230, 233, 236, 237, 238, 240, 241, 244, 245, 248, 258, 268, 269, 270, 273, 274, 275, 278, 281, 282, 285, 288, 304, 305, 307, 310, 312, 314, 315, 316], "excluded_lines": []}, "LearningLoopCoordinator._load_training_data": {"executed_lines": [], "summary": {"covered_lines": 0, "num_statements": 2, "percent_covered": 0.0, "percent_covered_display": "0", "missing_lines": 2, "excluded_lines": 0}, "missing_lines": [320, 335], "excluded_lines": []}, "LearningLoopCoordinator._load_validation_data": {"executed_lines": [], "summary": {"covered_lines": 0, "num_statements": 1, "percent_covered": 0.0, "percent_covered_display": "0", "missing_lines": 1, "excluded_lines": 0}, "missing_lines": [341], "excluded_lines": []}, "LearningLoopCoordinator._prepare_training_data": {"executed_lines": [], "summary": {"covered_lines": 0, "num_statements": 11, "percent_covered": 0.0, "percent_covered_display": "0", "missing_lines": 11, "excluded_lines": 0}, "missing_lines": [348, 366, 367, 370, 371, 372, 373, 374, 375, 376, 378], "excluded_lines": []}, "LearningLoopCoordinator._create_layer3_training_data": {"executed_lines": [], "summary": {"covered_lines": 0, "num_statements": 12, "percent_covered": 0.0, "percent_covered_display": "0", "missing_lines": 12, "excluded_lines": 0}, "missing_lines": [390, 392, 393, 395, 396, 399, 400, 402, 415, 416, 417, 419], "excluded_lines": []}, "LearningLoopCoordinator._update_feature_evolution": {"executed_lines": [], "summary": {"covered_lines": 0, "num_statements": 4, "percent_covered": 0.0, "percent_covered_display": "0", "missing_lines": 4, "excluded_lines": 0}, "missing_lines": [423, 424, 425, 426], "excluded_lines": []}, "LearningLoopCoordinator._save_iteration_models": {"executed_lines": [], "summary": {"covered_lines": 0, "num_statements": 12, "percent_covered": 0.0, "percent_covered_display": "0", "missing_lines": 12, "excluded_lines": 0}, "missing_lines": [436, 437, 438, 441, 442, 443, 446, 454, 455, 457, 459, 460], "excluded_lines": []}, "LearningLoopCoordinator._generate_final_report": {"executed_lines": [], "summary": {"covered_lines": 0, "num_statements": 19, "percent_covered": 0.0, "percent_covered_display": "0", "missing_lines": 19, "excluded_lines": 0}, "missing_lines": [464, 465, 466, 469, 470, 471, 474, 475, 476, 477, 487, 501, 529, 530, 532, 533, 535, 536, 537], "excluded_lines": []}, "LearningLoopCoordinator._generate_recommendations": {"executed_lines": [], "summary": {"covered_lines": 0, "num_statements": 12, "percent_covered": 0.0, "percent_covered_display": "0", "missing_lines": 12, "excluded_lines": 0}, "missing_lines": [543, 546, 547, 549, 550, 553, 556, 557, 560, 563, 564, 566], "excluded_lines": []}, "main": {"executed_lines": [], "summary": {"covered_lines": 0, "num_statements": 17, "percent_covered": 0.0, "percent_covered_display": "0", "missing_lines": 17, "excluded_lines": 0}, "missing_lines": [571, 573, 574, 575, 576, 580, 583, 584, 585, 586, 588, 603, 605, 607, 608, 612, 613], "excluded_lines": []}, "": {"executed_lines": [], "summary": {"covered_lines": 0, "num_statements": 46, "percent_covered": 0.0, "percent_covered_display": "0", "missing_lines": 46, "excluded_lines": 0}, "missing_lines": [11, 12, 13, 14, 15, 16, 17, 19, 20, 21, 22, 25, 27, 28, 29, 32, 33, 36, 37, 38, 39, 40, 41, 42, 43, 44, 45, 46, 47, 50, 53, 71, 83, 98, 178, 318, 339, 343, 380, 421, 428, 462, 539, 569, 616, 617], "excluded_lines": []}}, "classes": {"LearningIteration": {"executed_lines": [], "summary": {"covered_lines": 0, "num_statements": 0, "percent_covered": 100.0, "percent_covered_display": "100", "missing_lines": 0, "excluded_lines": 0}, "missing_lines": [], "excluded_lines": []}, "LearningLoopCoordinator": {"executed_lines": [], "summary": {"covered_lines": 0, "num_statements": 178, "percent_covered": 0.0, "percent_covered_display": "0", "missing_lines": 178, "excluded_lines": 0}, "missing_lines": [54, 55, 56, 59, 60, 61, 62, 65, 68, 69, 73, 81, 85, 86, 93, 94, 95, 96, 100, 101, 106, 109, 110, 113, 114, 115, 116, 119, 120, 121, 123, 128, 131, 132, 134, 135, 138, 146, 147, 150, 151, 152, 153, 158, 161, 164, 166, 169, 171, 172, 173, 175, 176, 187, 189, 190, 192, 193, 196, 199, 200, 202, 203, 204, 207, 210, 211, 214, 215, 218, 219, 222, 223, 226, 229, 230, 233, 236, 237, 238, 240, 241, 244, 245, 248, 258, 268, 269, 270, 273, 274, 275, 278, 281, 282, 285, 288, 304, 305, 307, 310, 312, 314, 315, 316, 320, 335, 341, 348, 366, 367, 370, 371, 372, 373, 374, 375, 376, 378, 390, 392, 393, 395, 396, 399, 400, 402, 415, 416, 417, 419, 423, 424, 425, 426, 436, 437, 438, 441, 442, 443, 446, 454, 455, 457, 459, 460, 464, 465, 466, 469, 470, 471, 474, 475, 476, 477, 487, 501, 529, 530, 532, 533, 535, 536, 537, 543, 546, 547, 549, 550, 553, 556, 557, 560, 563, 564, 566], "excluded_lines": []}, "": {"executed_lines": [], "summary": {"covered_lines": 0, "num_statements": 63, "percent_covered": 0.0, "percent_covered_display": "0", "missing_lines": 63, "excluded_lines": 0}, "missing_lines": [11, 12, 13, 14, 15, 16, 17, 19, 20, 21, 22, 25, 27, 28, 29, 32, 33, 36, 37, 38, 39, 40, 41, 42, 43, 44, 45, 46, 47, 50, 53, 71, 83, 98, 178, 318, 339, 343, 380, 421, 428, 462, 539, 569, 571, 573, 574, 575, 576, 580, 583, 584, 585, 586, 588, 603, 605, 607, 608, 612, 613, 616, 617], "excluded_lines": []}}}, "src/analysis/engines/prediction_engine_main.py": {"executed_lines": [], "summary": {"covered_lines": 0, "num_statements": 220, "percent_covered": 0.0, "percent_covered_display": "0", "missing_lines": 220, "excluded_lines": 0}, "missing_lines": [11, 12, 13, 14, 15, 16, 17, 19, 20, 21, 22, 25, 27, 28, 29, 32, 35, 36, 37, 38, 41, 42, 43, 46, 48, 50, 58, 60, 62, 63, 70, 71, 72, 73, 75, 77, 78, 112, 116, 117, 119, 120, 121, 123, 127, 129, 130, 132, 133, 134, 135, 137, 160, 161, 164, 166, 167, 168, 170, 174, 176, 177, 179, 180, 181, 182, 184, 195, 196, 197, 199, 200, 201, 203, 205, 206, 209, 211, 212, 215, 233, 234, 237, 238, 240, 241, 242, 243, 244, 247, 250, 251, 254, 255, 258, 259, 260, 261, 263, 277, 278, 281, 282, 283, 286, 297, 307, 308, 310, 311, 312, 314, 318, 319, 322, 323, 324, 325, 328, 330, 332, 333, 334, 335, 338, 355, 356, 359, 362, 363, 364, 365, 366, 367, 369, 371, 374, 385, 387, 400, 402, 403, 404, 407, 409, 412, 414, 415, 416, 418, 420, 422, 423, 424, 425, 426, 427, 429, 431, 432, 433, 435, 437, 455, 456, 457, 459, 461, 462, 463, 465, 473, 474, 476, 497, 498, 507, 520, 521, 523, 525, 526, 527, 529, 531, 532, 535, 537, 538, 541, 542, 543, 544, 545, 547, 550, 551, 552, 553, 555, 566, 568, 570, 572, 573, 574, 575, 578, 579, 581, 582, 583, 584, 587, 590, 593, 594, 599, 602, 603], "excluded_lines": [], "functions": {"PredictionEngineMain.__init__": {"executed_lines": [], "summary": {"covered_lines": 0, "num_statements": 7, "percent_covered": 0.0, "percent_covered_display": "0", "missing_lines": 7, "excluded_lines": 0}, "missing_lines": [36, 37, 38, 41, 42, 43, 46], "excluded_lines": []}, "PredictionEngineMain._setup_logging": {"executed_lines": [], "summary": {"covered_lines": 0, "num_statements": 2, "percent_covered": 0.0, "percent_covered_display": "0", "missing_lines": 2, "excluded_lines": 0}, "missing_lines": [50, 58], "excluded_lines": []}, "PredictionEngineMain.connect_database": {"executed_lines": [], "summary": {"covered_lines": 0, "num_statements": 6, "percent_covered": 0.0, "percent_covered_display": "0", "missing_lines": 6, "excluded_lines": 0}, "missing_lines": [62, 63, 70, 71, 72, 73], "excluded_lines": []}, "PredictionEngineMain.load_training_data": {"executed_lines": [], "summary": {"covered_lines": 0, "num_statements": 8, "percent_covered": 0.0, "percent_covered_display": "0", "missing_lines": 8, "excluded_lines": 0}, "missing_lines": [77, 78, 112, 116, 117, 119, 120, 121], "excluded_lines": []}, "PredictionEngineMain.load_feature_data": {"executed_lines": [], "summary": {"covered_lines": 0, "num_statements": 14, "percent_covered": 0.0, "percent_covered_display": "0", "missing_lines": 14, "excluded_lines": 0}, "missing_lines": [127, 129, 130, 132, 133, 134, 135, 137, 160, 161, 164, 166, 167, 168], "excluded_lines": []}, "PredictionEngineMain.load_text_data": {"executed_lines": [], "summary": {"covered_lines": 0, "num_statements": 14, "percent_covered": 0.0, "percent_covered_display": "0", "missing_lines": 14, "excluded_lines": 0}, "missing_lines": [174, 176, 177, 179, 180, 181, 182, 184, 195, 196, 197, 199, 200, 201], "excluded_lines": []}, "PredictionEngineMain.train_models": {"executed_lines": [], "summary": {"covered_lines": 0, "num_statements": 37, "percent_covered": 0.0, "percent_covered_display": "0", "missing_lines": 37, "excluded_lines": 0}, "missing_lines": [205, 206, 209, 211, 212, 215, 233, 234, 237, 238, 240, 241, 242, 243, 244, 247, 250, 251, 254, 255, 258, 259, 260, 261, 263, 277, 278, 281, 282, 283, 286, 297, 307, 308, 310, 311, 312], "excluded_lines": []}, "PredictionEngineMain.generate_predictions": {"executed_lines": [], "summary": {"covered_lines": 0, "num_statements": 37, "percent_covered": 0.0, "percent_covered_display": "0", "missing_lines": 37, "excluded_lines": 0}, "missing_lines": [318, 319, 322, 323, 324, 325, 328, 330, 332, 333, 334, 335, 338, 355, 356, 359, 362, 363, 364, 365, 366, 367, 369, 371, 374, 385, 387, 400, 402, 403, 404, 407, 409, 412, 414, 415, 416], "excluded_lines": []}, "PredictionEngineMain._calculate_confidence": {"executed_lines": [], "summary": {"covered_lines": 0, "num_statements": 7, "percent_covered": 0.0, "percent_covered_display": "0", "missing_lines": 7, "excluded_lines": 0}, "missing_lines": [420, 422, 423, 424, 425, 426, 427], "excluded_lines": []}, "PredictionEngineMain._save_predictions": {"executed_lines": [], "summary": {"covered_lines": 0, "num_statements": 12, "percent_covered": 0.0, "percent_covered_display": "0", "missing_lines": 12, "excluded_lines": 0}, "missing_lines": [431, 432, 433, 435, 437, 455, 456, 457, 459, 461, 462, 463], "excluded_lines": []}, "PredictionEngineMain._save_to_model_registry": {"executed_lines": [], "summary": {"covered_lines": 0, "num_statements": 12, "percent_covered": 0.0, "percent_covered_display": "0", "missing_lines": 12, "excluded_lines": 0}, "missing_lines": [473, 474, 476, 497, 498, 507, 520, 521, 523, 525, 526, 527], "excluded_lines": []}, "PredictionEngineMain.close": {"executed_lines": [], "summary": {"covered_lines": 0, "num_statements": 2, "percent_covered": 0.0, "percent_covered_display": "0", "missing_lines": 2, "excluded_lines": 0}, "missing_lines": [531, 532], "excluded_lines": []}, "main": {"executed_lines": [], "summary": {"covered_lines": 0, "num_statements": 31, "percent_covered": 0.0, "percent_covered_display": "0", "missing_lines": 31, "excluded_lines": 0}, "missing_lines": [537, 538, 541, 542, 543, 544, 545, 547, 550, 551, 552, 553, 555, 566, 568, 570, 572, 573, 574, 575, 578, 579, 581, 582, 583, 584, 587, 590, 593, 594, 599], "excluded_lines": []}, "": {"executed_lines": [], "summary": {"covered_lines": 0, "num_statements": 31, "percent_covered": 0.0, "percent_covered_display": "0", "missing_lines": 31, "excluded_lines": 0}, "missing_lines": [11, 12, 13, 14, 15, 16, 17, 19, 20, 21, 22, 25, 27, 28, 29, 32, 35, 48, 60, 75, 123, 170, 203, 314, 418, 429, 465, 529, 535, 602, 603], "excluded_lines": []}}, "classes": {"PredictionEngineMain": {"executed_lines": [], "summary": {"covered_lines": 0, "num_statements": 158, "percent_covered": 0.0, "percent_covered_display": "0", "missing_lines": 158, "excluded_lines": 0}, "missing_lines": [36, 37, 38, 41, 42, 43, 46, 50, 58, 62, 63, 70, 71, 72, 73, 77, 78, 112, 116, 117, 119, 120, 121, 127, 129, 130, 132, 133, 134, 135, 137, 160, 161, 164, 166, 167, 168, 174, 176, 177, 179, 180, 181, 182, 184, 195, 196, 197, 199, 200, 201, 205, 206, 209, 211, 212, 215, 233, 234, 237, 238, 240, 241, 242, 243, 244, 247, 250, 251, 254, 255, 258, 259, 260, 261, 263, 277, 278, 281, 282, 283, 286, 297, 307, 308, 310, 311, 312, 318, 319, 322, 323, 324, 325, 328, 330, 332, 333, 334, 335, 338, 355, 356, 359, 362, 363, 364, 365, 366, 367, 369, 371, 374, 385, 387, 400, 402, 403, 404, 407, 409, 412, 414, 415, 416, 420, 422, 423, 424, 425, 426, 427, 431, 432, 433, 435, 437, 455, 456, 457, 459, 461, 462, 463, 473, 474, 476, 497, 498, 507, 520, 521, 523, 525, 526, 527, 531, 532], "excluded_lines": []}, "": {"executed_lines": [], "summary": {"covered_lines": 0, "num_statements": 62, "percent_covered": 0.0, "percent_covered_display": "0", "missing_lines": 62, "excluded_lines": 0}, "missing_lines": [11, 12, 13, 14, 15, 16, 17, 19, 20, 21, 22, 25, 27, 28, 29, 32, 35, 48, 60, 75, 123, 170, 203, 314, 418, 429, 465, 529, 535, 537, 538, 541, 542, 543, 544, 545, 547, 550, 551, 552, 553, 555, 566, 568, 570, 572, 573, 574, 575, 578, 579, 581, 582, 583, 584, 587, 590, 593, 594, 599, 602, 603], "excluded_lines": []}}}, "src/analysis/report_comparator.py": {"executed_lines": [], "summary": {"covered_lines": 0, "num_statements": 225, "percent_covered": 0.0, "percent_covered_display": "0", "missing_lines": 225, "excluded_lines": 0}, "missing_lines": [11, 12, 15, 16, 17, 18, 19, 21, 22, 23, 26, 27, 30, 31, 32, 33, 34, 35, 36, 39, 47, 54, 55, 58, 61, 67, 69, 82, 83, 86, 87, 88, 89, 92, 97, 102, 105, 112, 114, 115, 117, 118, 119, 121, 134, 135, 138, 141, 144, 146, 147, 149, 150, 151, 153, 166, 167, 170, 173, 176, 178, 179, 181, 182, 183, 185, 198, 199, 202, 207, 210, 213, 216, 219, 222, 232, 233, 235, 236, 238, 248, 252, 254, 255, 258, 261, 263, 264, 265, 267, 271, 273, 274, 276, 277, 280, 281, 283, 284, 286, 288, 289, 290, 292, 296, 298, 299, 301, 302, 305, 306, 308, 309, 312, 313, 315, 316, 317, 319, 321, 323, 330, 331, 332, 335, 336, 338, 347, 357, 360, 364, 365, 369, 371, 372, 373, 375, 377, 378, 381, 382, 385, 386, 387, 390, 391, 392, 395, 397, 398, 399, 401, 403, 404, 407, 408, 411, 412, 414, 421, 422, 423, 426, 428, 429, 430, 432, 434, 435, 437, 438, 440, 441, 442, 444, 446, 448, 451, 454, 457, 469, 476, 477, 479, 480, 481, 483, 487, 488, 490, 506, 508, 512, 513, 515, 531, 533, 535, 536, 537, 540, 543, 544, 545, 546, 549, 552, 561, 563, 565, 566, 567, 571, 573, 582, 592, 606, 607, 609, 610, 611, 612, 613, 614, 615], "excluded_lines": [], "functions": {"ReportComparator.__init__": {"executed_lines": [], "summary": {"covered_lines": 0, "num_statements": 5, "percent_covered": 0.0, "percent_covered_display": "0", "missing_lines": 5, "excluded_lines": 0}, "missing_lines": [54, 55, 58, 61, 67], "excluded_lines": []}, "ReportComparator.calculate_divergence_score": {"executed_lines": [], "summary": {"covered_lines": 0, "num_statements": 16, "percent_covered": 0.0, "percent_covered_display": "0", "missing_lines": 16, "excluded_lines": 0}, "missing_lines": [82, 83, 86, 87, 88, 89, 92, 97, 102, 105, 112, 114, 115, 117, 118, 119], "excluded_lines": []}, "ReportComparator.summarize_consensus": {"executed_lines": [], "summary": {"covered_lines": 0, "num_statements": 10, "percent_covered": 0.0, "percent_covered_display": "0", "missing_lines": 10, "excluded_lines": 0}, "missing_lines": [134, 135, 138, 141, 144, 146, 147, 149, 150, 151], "excluded_lines": []}, "ReportComparator.extract_conflicts": {"executed_lines": [], "summary": {"covered_lines": 0, "num_statements": 10, "percent_covered": 0.0, "percent_covered_display": "0", "missing_lines": 10, "excluded_lines": 0}, "missing_lines": [166, 167, 170, 173, 176, 178, 179, 181, 182, 183], "excluded_lines": []}, "ReportComparator.compare_reports": {"executed_lines": [], "summary": {"covered_lines": 0, "num_statements": 14, "percent_covered": 0.0, "percent_covered_display": "0", "missing_lines": 14, "excluded_lines": 0}, "missing_lines": [198, 199, 202, 207, 210, 213, 216, 219, 222, 232, 233, 235, 236, 238], "excluded_lines": []}, "ReportComparator._calculate_sentiment_difference": {"executed_lines": [], "summary": {"covered_lines": 0, "num_statements": 8, "percent_covered": 0.0, "percent_covered_display": "0", "missing_lines": 8, "excluded_lines": 0}, "missing_lines": [252, 254, 255, 258, 261, 263, 264, 265], "excluded_lines": []}, "ReportComparator._calculate_keyword_overlap": {"executed_lines": [], "summary": {"covered_lines": 0, "num_statements": 13, "percent_covered": 0.0, "percent_covered_display": "0", "missing_lines": 13, "excluded_lines": 0}, "missing_lines": [271, 273, 274, 276, 277, 280, 281, 283, 284, 286, 288, 289, 290], "excluded_lines": []}, "ReportComparator._calculate_entity_difference": {"executed_lines": [], "summary": {"covered_lines": 0, "num_statements": 14, "percent_covered": 0.0, "percent_covered_display": "0", "missing_lines": 14, "excluded_lines": 0}, "missing_lines": [296, 298, 299, 301, 302, 305, 306, 308, 309, 312, 313, 315, 316, 317], "excluded_lines": []}, "ReportComparator._extract_sentiment_score": {"executed_lines": [], "summary": {"covered_lines": 0, "num_statements": 17, "percent_covered": 0.0, "percent_covered_display": "0", "missing_lines": 17, "excluded_lines": 0}, "missing_lines": [321, 323, 330, 331, 332, 335, 336, 338, 347, 357, 360, 364, 365, 369, 371, 372, 373], "excluded_lines": []}, "ReportComparator._extract_keywords": {"executed_lines": [], "summary": {"covered_lines": 0, "num_statements": 14, "percent_covered": 0.0, "percent_covered_display": "0", "missing_lines": 14, "excluded_lines": 0}, "missing_lines": [377, 378, 381, 382, 385, 386, 387, 390, 391, 392, 395, 397, 398, 399], "excluded_lines": []}, "ReportComparator._extract_entities": {"executed_lines": [], "summary": {"covered_lines": 0, "num_statements": 14, "percent_covered": 0.0, "percent_covered_display": "0", "missing_lines": 14, "excluded_lines": 0}, "missing_lines": [403, 404, 407, 408, 411, 412, 414, 421, 422, 423, 426, 428, 429, 430], "excluded_lines": []}, "ReportComparator._extract_text_content": {"executed_lines": [], "summary": {"covered_lines": 0, "num_statements": 8, "percent_covered": 0.0, "percent_covered_display": "0", "missing_lines": 8, "excluded_lines": 0}, "missing_lines": [434, 435, 437, 438, 440, 441, 442, 444], "excluded_lines": []}, "ReportComparator._extract_keywords_from_text": {"executed_lines": [], "summary": {"covered_lines": 0, "num_statements": 10, "percent_covered": 0.0, "percent_covered_display": "0", "missing_lines": 10, "excluded_lines": 0}, "missing_lines": [448, 451, 454, 457, 469, 476, 477, 479, 480, 481], "excluded_lines": []}, "ReportComparator._build_consensus_prompt": {"executed_lines": [], "summary": {"covered_lines": 0, "num_statements": 4, "percent_covered": 0.0, "percent_covered_display": "0", "missing_lines": 4, "excluded_lines": 0}, "missing_lines": [487, 488, 490, 506], "excluded_lines": []}, "ReportComparator._build_conflict_prompt": {"executed_lines": [], "summary": {"covered_lines": 0, "num_statements": 4, "percent_covered": 0.0, "percent_covered_display": "0", "missing_lines": 4, "excluded_lines": 0}, "missing_lines": [512, 513, 515, 531], "excluded_lines": []}, "ReportComparator._clean_llm_response": {"executed_lines": [], "summary": {"covered_lines": 0, "num_statements": 15, "percent_covered": 0.0, "percent_covered_display": "0", "missing_lines": 15, "excluded_lines": 0}, "missing_lines": [535, 536, 537, 540, 543, 544, 545, 546, 549, 552, 561, 563, 565, 566, 567], "excluded_lines": []}, "": {"executed_lines": [], "summary": {"covered_lines": 0, "num_statements": 49, "percent_covered": 0.0, "percent_covered_display": "0", "missing_lines": 49, "excluded_lines": 0}, "missing_lines": [11, 12, 15, 16, 17, 18, 19, 21, 22, 23, 26, 27, 30, 31, 32, 33, 34, 35, 36, 39, 47, 69, 121, 153, 185, 248, 267, 292, 319, 375, 401, 432, 446, 483, 508, 533, 571, 573, 582, 592, 606, 607, 609, 610, 611, 612, 613, 614, 615], "excluded_lines": []}}, "classes": {"ComparisonResult": {"executed_lines": [], "summary": {"covered_lines": 0, "num_statements": 0, "percent_covered": 100.0, "percent_covered_display": "100", "missing_lines": 0, "excluded_lines": 0}, "missing_lines": [], "excluded_lines": []}, "ReportComparator": {"executed_lines": [], "summary": {"covered_lines": 0, "num_statements": 176, "percent_covered": 0.0, "percent_covered_display": "0", "missing_lines": 176, "excluded_lines": 0}, "missing_lines": [54, 55, 58, 61, 67, 82, 83, 86, 87, 88, 89, 92, 97, 102, 105, 112, 114, 115, 117, 118, 119, 134, 135, 138, 141, 144, 146, 147, 149, 150, 151, 166, 167, 170, 173, 176, 178, 179, 181, 182, 183, 198, 199, 202, 207, 210, 213, 216, 219, 222, 232, 233, 235, 236, 238, 252, 254, 255, 258, 261, 263, 264, 265, 271, 273, 274, 276, 277, 280, 281, 283, 284, 286, 288, 289, 290, 296, 298, 299, 301, 302, 305, 306, 308, 309, 312, 313, 315, 316, 317, 321, 323, 330, 331, 332, 335, 336, 338, 347, 357, 360, 364, 365, 369, 371, 372, 373, 377, 378, 381, 382, 385, 386, 387, 390, 391, 392, 395, 397, 398, 399, 403, 404, 407, 408, 411, 412, 414, 421, 422, 423, 426, 428, 429, 430, 434, 435, 437, 438, 440, 441, 442, 444, 448, 451, 454, 457, 469, 476, 477, 479, 480, 481, 487, 488, 490, 506, 512, 513, 515, 531, 535, 536, 537, 540, 543, 544, 545, 546, 549, 552, 561, 563, 565, 566, 567], "excluded_lines": []}, "": {"executed_lines": [], "summary": {"covered_lines": 0, "num_statements": 49, "percent_covered": 0.0, "percent_covered_display": "0", "missing_lines": 49, "excluded_lines": 0}, "missing_lines": [11, 12, 15, 16, 17, 18, 19, 21, 22, 23, 26, 27, 30, 31, 32, 33, 34, 35, 36, 39, 47, 69, 121, 153, 185, 248, 267, 292, 319, 375, 401, 432, 446, 483, 508, 533, 571, 573, 582, 592, 606, 607, 609, 610, 611, 612, 613, 614, 615], "excluded_lines": []}}}, "src/analysis/signals/__init__.py": {"executed_lines": [], "summary": {"covered_lines": 0, "num_statements": 0, "percent_covered": 100.0, "percent_covered_display": "100", "missing_lines": 0, "excluded_lines": 0}, "missing_lines": [], "excluded_lines": [], "functions": {"": {"executed_lines": [], "summary": {"covered_lines": 0, "num_statements": 0, "percent_covered": 100.0, "percent_covered_display": "100", "missing_lines": 0, "excluded_lines": 0}, "missing_lines": [], "excluded_lines": []}}, "classes": {"": {"executed_lines": [], "summary": {"covered_lines": 0, "num_statements": 0, "percent_covered": 100.0, "percent_covered_display": "100", "missing_lines": 0, "excluded_lines": 0}, "missing_lines": [], "excluded_lines": []}}}, "src/api/__init__.py": {"executed_lines": [], "summary": {"covered_lines": 0, "num_statements": 0, "percent_covered": 100.0, "percent_covered_display": "100", "missing_lines": 0, "excluded_lines": 0}, "missing_lines": [], "excluded_lines": [], "functions": {"": {"executed_lines": [], "summary": {"covered_lines": 0, "num_statements": 0, "percent_covered": 100.0, "percent_covered_display": "100", "missing_lines": 0, "excluded_lines": 0}, "missing_lines": [], "excluded_lines": []}}, "classes": {"": {"executed_lines": [], "summary": {"covered_lines": 0, "num_statements": 0, "percent_covered": 100.0, "percent_covered_display": "100", "missing_lines": 0, "excluded_lines": 0}, "missing_lines": [], "excluded_lines": []}}}, "src/api/admin.py": {"executed_lines": [], "summary": {"covered_lines": 0, "num_statements": 53, "percent_covered": 0.0, "percent_covered_display": "0", "missing_lines": 53, "excluded_lines": 0}, "missing_lines": [5, 7, 9, 14, 16, 19, 20, 27, 28, 29, 32, 40, 41, 44, 47, 49, 50, 51, 52, 53, 55, 58, 59, 60, 61, 64, 67, 69, 70, 71, 72, 73, 75, 78, 79, 80, 81, 84, 85, 87, 88, 89, 90, 91, 92, 95, 96, 98, 99, 100, 101, 102, 103], "excluded_lines": [], "functions": {"get_arbitration_cases": {"executed_lines": [], "summary": {"covered_lines": 0, "num_statements": 6, "percent_covered": 0.0, "percent_covered_display": "0", "missing_lines": 6, "excluded_lines": 0}, "missing_lines": [27, 28, 29, 32, 40, 41], "excluded_lines": []}, "get_arbitration_case": {"executed_lines": [], "summary": {"covered_lines": 0, "num_statements": 10, "percent_covered": 0.0, "percent_covered_display": "0", "missing_lines": 10, "excluded_lines": 0}, "missing_lines": [49, 50, 51, 52, 53, 55, 58, 59, 60, 61], "excluded_lines": []}, "update_arbitration_case": {"executed_lines": [], "summary": {"covered_lines": 0, "num_statements": 10, "percent_covered": 0.0, "percent_covered_display": "0", "missing_lines": 10, "excluded_lines": 0}, "missing_lines": [69, 70, 71, 72, 73, 75, 78, 79, 80, 81], "excluded_lines": []}, "preprocess_arbitration_case": {"executed_lines": [], "summary": {"covered_lines": 0, "num_statements": 6, "percent_covered": 0.0, "percent_covered_display": "0", "missing_lines": 6, "excluded_lines": 0}, "missing_lines": [87, 88, 89, 90, 91, 92], "excluded_lines": []}, "get_admin_statistics": {"executed_lines": [], "summary": {"covered_lines": 0, "num_statements": 6, "percent_covered": 0.0, "percent_covered_display": "0", "missing_lines": 6, "excluded_lines": 0}, "missing_lines": [98, 99, 100, 101, 102, 103], "excluded_lines": []}, "": {"executed_lines": [], "summary": {"covered_lines": 0, "num_statements": 15, "percent_covered": 0.0, "percent_covered_display": "0", "missing_lines": 15, "excluded_lines": 0}, "missing_lines": [5, 7, 9, 14, 16, 19, 20, 44, 47, 64, 67, 84, 85, 95, 96], "excluded_lines": []}}, "classes": {"": {"executed_lines": [], "summary": {"covered_lines": 0, "num_statements": 53, "percent_covered": 0.0, "percent_covered_display": "0", "missing_lines": 53, "excluded_lines": 0}, "missing_lines": [5, 7, 9, 14, 16, 19, 20, 27, 28, 29, 32, 40, 41, 44, 47, 49, 50, 51, 52, 53, 55, 58, 59, 60, 61, 64, 67, 69, 70, 71, 72, 73, 75, 78, 79, 80, 81, 84, 85, 87, 88, 89, 90, 91, 92, 95, 96, 98, 99, 100, 101, 102, 103], "excluded_lines": []}}}, "src/api/ai_router.py": {"executed_lines": [], "summary": {"covered_lines": 0, "num_statements": 21, "percent_covered": 0.0, "percent_covered_display": "0", "missing_lines": 21, "excluded_lines": 0}, "missing_lines": [5, 6, 8, 10, 11, 14, 15, 17, 18, 20, 21, 22, 23, 26, 27, 29, 30, 32, 33, 34, 35], "excluded_lines": [], "functions": {"ai_analyze": {"executed_lines": [], "summary": {"covered_lines": 0, "num_statements": 6, "percent_covered": 0.0, "percent_covered_display": "0", "missing_lines": 6, "excluded_lines": 0}, "missing_lines": [17, 18, 20, 21, 22, 23], "excluded_lines": []}, "generate_report": {"executed_lines": [], "summary": {"covered_lines": 0, "num_statements": 6, "percent_covered": 0.0, "percent_covered_display": "0", "missing_lines": 6, "excluded_lines": 0}, "missing_lines": [29, 30, 32, 33, 34, 35], "excluded_lines": []}, "": {"executed_lines": [], "summary": {"covered_lines": 0, "num_statements": 9, "percent_covered": 0.0, "percent_covered_display": "0", "missing_lines": 9, "excluded_lines": 0}, "missing_lines": [5, 6, 8, 10, 11, 14, 15, 26, 27], "excluded_lines": []}}, "classes": {"": {"executed_lines": [], "summary": {"covered_lines": 0, "num_statements": 21, "percent_covered": 0.0, "percent_covered_display": "0", "missing_lines": 21, "excluded_lines": 0}, "missing_lines": [5, 6, 8, 10, 11, 14, 15, 17, 18, 20, 21, 22, 23, 26, 27, 29, 30, 32, 33, 34, 35], "excluded_lines": []}}}, "src/api/calculation_router.py": {"executed_lines": [], "summary": {"covered_lines": 0, "num_statements": 21, "percent_covered": 0.0, "percent_covered_display": "0", "missing_lines": 21, "excluded_lines": 0}, "missing_lines": [5, 6, 8, 10, 11, 14, 15, 17, 18, 20, 21, 22, 23, 26, 27, 29, 30, 32, 33, 34, 35], "excluded_lines": [], "functions": {"calculate_quant_signal": {"executed_lines": [], "summary": {"covered_lines": 0, "num_statements": 6, "percent_covered": 0.0, "percent_covered_display": "0", "missing_lines": 6, "excluded_lines": 0}, "missing_lines": [17, 18, 20, 21, 22, 23], "excluded_lines": []}, "calculate_attribution": {"executed_lines": [], "summary": {"covered_lines": 0, "num_statements": 6, "percent_covered": 0.0, "percent_covered_display": "0", "missing_lines": 6, "excluded_lines": 0}, "missing_lines": [29, 30, 32, 33, 34, 35], "excluded_lines": []}, "": {"executed_lines": [], "summary": {"covered_lines": 0, "num_statements": 9, "percent_covered": 0.0, "percent_covered_display": "0", "missing_lines": 9, "excluded_lines": 0}, "missing_lines": [5, 6, 8, 10, 11, 14, 15, 26, 27], "excluded_lines": []}}, "classes": {"": {"executed_lines": [], "summary": {"covered_lines": 0, "num_statements": 21, "percent_covered": 0.0, "percent_covered_display": "0", "missing_lines": 21, "excluded_lines": 0}, "missing_lines": [5, 6, 8, 10, 11, 14, 15, 17, 18, 20, 21, 22, 23, 26, 27, 29, 30, 32, 33, 34, 35], "excluded_lines": []}}}, "src/api/data_router.py": {"executed_lines": [], "summary": {"covered_lines": 0, "num_statements": 19, "percent_covered": 0.0, "percent_covered_display": "0", "missing_lines": 19, "excluded_lines": 0}, "missing_lines": [5, 6, 8, 10, 11, 14, 15, 17, 24, 25, 27, 29, 30, 31, 32, 33, 36, 37, 39], "excluded_lines": [], "functions": {"get_data_status": {"executed_lines": [], "summary": {"covered_lines": 0, "num_statements": 1, "percent_covered": 0.0, "percent_covered_display": "0", "missing_lines": 1, "excluded_lines": 0}, "missing_lines": [17], "excluded_lines": []}, "fetch_market_data": {"executed_lines": [], "summary": {"covered_lines": 0, "num_statements": 6, "percent_covered": 0.0, "percent_covered_display": "0", "missing_lines": 6, "excluded_lines": 0}, "missing_lines": [27, 29, 30, 31, 32, 33], "excluded_lines": []}, "get_stock_list": {"executed_lines": [], "summary": {"covered_lines": 0, "num_statements": 1, "percent_covered": 0.0, "percent_covered_display": "0", "missing_lines": 1, "excluded_lines": 0}, "missing_lines": [39], "excluded_lines": []}, "": {"executed_lines": [], "summary": {"covered_lines": 0, "num_statements": 11, "percent_covered": 0.0, "percent_covered_display": "0", "missing_lines": 11, "excluded_lines": 0}, "missing_lines": [5, 6, 8, 10, 11, 14, 15, 24, 25, 36, 37], "excluded_lines": []}}, "classes": {"": {"executed_lines": [], "summary": {"covered_lines": 0, "num_statements": 19, "percent_covered": 0.0, "percent_covered_display": "0", "missing_lines": 19, "excluded_lines": 0}, "missing_lines": [5, 6, 8, 10, 11, 14, 15, 17, 24, 25, 27, 29, 30, 31, 32, 33, 36, 37, 39], "excluded_lines": []}}}, "src/api/reports.py": {"executed_lines": [], "summary": {"covered_lines": 0, "num_statements": 57, "percent_covered": 0.0, "percent_covered_display": "0", "missing_lines": 57, "excluded_lines": 0}, "missing_lines": [5, 7, 9, 15, 17, 20, 21, 28, 29, 30, 33, 41, 42, 45, 46, 48, 49, 50, 51, 52, 54, 55, 56, 57, 58, 61, 62, 64, 65, 66, 67, 68, 69, 72, 73, 75, 76, 77, 78, 79, 81, 82, 83, 84, 85, 88, 89, 91, 92, 93, 94, 95, 97, 98, 99, 100, 101], "excluded_lines": [], "functions": {"get_reports": {"executed_lines": [], "summary": {"covered_lines": 0, "num_statements": 6, "percent_covered": 0.0, "percent_covered_display": "0", "missing_lines": 6, "excluded_lines": 0}, "missing_lines": [28, 29, 30, 33, 41, 42], "excluded_lines": []}, "get_report": {"executed_lines": [], "summary": {"covered_lines": 0, "num_statements": 10, "percent_covered": 0.0, "percent_covered_display": "0", "missing_lines": 10, "excluded_lines": 0}, "missing_lines": [48, 49, 50, 51, 52, 54, 55, 56, 57, 58], "excluded_lines": []}, "create_report": {"executed_lines": [], "summary": {"covered_lines": 0, "num_statements": 6, "percent_covered": 0.0, "percent_covered_display": "0", "missing_lines": 6, "excluded_lines": 0}, "missing_lines": [64, 65, 66, 67, 68, 69], "excluded_lines": []}, "update_report": {"executed_lines": [], "summary": {"covered_lines": 0, "num_statements": 10, "percent_covered": 0.0, "percent_covered_display": "0", "missing_lines": 10, "excluded_lines": 0}, "missing_lines": [75, 76, 77, 78, 79, 81, 82, 83, 84, 85], "excluded_lines": []}, "delete_report": {"executed_lines": [], "summary": {"covered_lines": 0, "num_statements": 10, "percent_covered": 0.0, "percent_covered_display": "0", "missing_lines": 10, "excluded_lines": 0}, "missing_lines": [91, 92, 93, 94, 95, 97, 98, 99, 100, 101], "excluded_lines": []}, "": {"executed_lines": [], "summary": {"covered_lines": 0, "num_statements": 15, "percent_covered": 0.0, "percent_covered_display": "0", "missing_lines": 15, "excluded_lines": 0}, "missing_lines": [5, 7, 9, 15, 17, 20, 21, 45, 46, 61, 62, 72, 73, 88, 89], "excluded_lines": []}}, "classes": {"": {"executed_lines": [], "summary": {"covered_lines": 0, "num_statements": 57, "percent_covered": 0.0, "percent_covered_display": "0", "missing_lines": 57, "excluded_lines": 0}, "missing_lines": [5, 7, 9, 15, 17, 20, 21, 28, 29, 30, 33, 41, 42, 45, 46, 48, 49, 50, 51, 52, 54, 55, 56, 57, 58, 61, 62, 64, 65, 66, 67, 68, 69, 72, 73, 75, 76, 77, 78, 79, 81, 82, 83, 84, 85, 88, 89, 91, 92, 93, 94, 95, 97, 98, 99, 100, 101], "excluded_lines": []}}}, "src/api/workflow.py": {"executed_lines": [], "summary": {"covered_lines": 0, "num_statements": 42, "percent_covered": 0.0, "percent_covered_display": "0", "missing_lines": 42, "excluded_lines": 0}, "missing_lines": [5, 7, 9, 13, 16, 17, 19, 20, 23, 24, 27, 29, 34, 35, 38, 39, 43, 44, 47, 49, 55, 56, 61, 62, 64, 65, 66, 68, 69, 71, 72, 73, 74, 75, 78, 79, 81, 82, 83, 85, 86, 87], "excluded_lines": [], "functions": {"run_daily_flow": {"executed_lines": [], "summary": {"covered_lines": 0, "num_statements": 8, "percent_covered": 0.0, "percent_covered_display": "0", "missing_lines": 8, "excluded_lines": 0}, "missing_lines": [19, 20, 23, 24, 27, 29, 34, 35], "excluded_lines": []}, "run_historical_backfill": {"executed_lines": [], "summary": {"covered_lines": 0, "num_statements": 6, "percent_covered": 0.0, "percent_covered_display": "0", "missing_lines": 6, "excluded_lines": 0}, "missing_lines": [43, 44, 47, 49, 55, 56], "excluded_lines": []}, "get_workflow_status": {"executed_lines": [], "summary": {"covered_lines": 0, "num_statements": 10, "percent_covered": 0.0, "percent_covered_display": "0", "missing_lines": 10, "excluded_lines": 0}, "missing_lines": [64, 65, 66, 68, 69, 71, 72, 73, 74, 75], "excluded_lines": []}, "get_workflow_logs": {"executed_lines": [], "summary": {"covered_lines": 0, "num_statements": 6, "percent_covered": 0.0, "percent_covered_display": "0", "missing_lines": 6, "excluded_lines": 0}, "missing_lines": [81, 82, 83, 85, 86, 87], "excluded_lines": []}, "": {"executed_lines": [], "summary": {"covered_lines": 0, "num_statements": 12, "percent_covered": 0.0, "percent_covered_display": "0", "missing_lines": 12, "excluded_lines": 0}, "missing_lines": [5, 7, 9, 13, 16, 17, 38, 39, 61, 62, 78, 79], "excluded_lines": []}}, "classes": {"": {"executed_lines": [], "summary": {"covered_lines": 0, "num_statements": 42, "percent_covered": 0.0, "percent_covered_display": "0", "missing_lines": 42, "excluded_lines": 0}, "missing_lines": [5, 7, 9, 13, 16, 17, 19, 20, 23, 24, 27, 29, 34, 35, 38, 39, 43, 44, 47, 49, 55, 56, 61, 62, 64, 65, 66, 68, 69, 71, 72, 73, 74, 75, 78, 79, 81, 82, 83, 85, 86, 87], "excluded_lines": []}}}, "src/core/__init__.py": {"executed_lines": [1], "summary": {"covered_lines": 0, "num_statements": 0, "percent_covered": 100.0, "percent_covered_display": "100", "missing_lines": 0, "excluded_lines": 0}, "missing_lines": [], "excluded_lines": [], "functions": {"": {"executed_lines": [1], "summary": {"covered_lines": 0, "num_statements": 0, "percent_covered": 100.0, "percent_covered_display": "100", "missing_lines": 0, "excluded_lines": 0}, "missing_lines": [], "excluded_lines": []}}, "classes": {"": {"executed_lines": [1], "summary": {"covered_lines": 0, "num_statements": 0, "percent_covered": 100.0, "percent_covered_display": "100", "missing_lines": 0, "excluded_lines": 0}, "missing_lines": [], "excluded_lines": []}}}, "src/core/config.py": {"executed_lines": [1, 6, 7, 10, 11, 13, 15, 16, 18, 19, 20, 21, 22, 23, 24, 26, 27, 28, 31], "summary": {"covered_lines": 18, "num_statements": 18, "percent_covered": 100.0, "percent_covered_display": "100", "missing_lines": 0, "excluded_lines": 0}, "missing_lines": [], "excluded_lines": [], "functions": {"": {"executed_lines": [1, 6, 7, 10, 11, 13, 15, 16, 18, 19, 20, 21, 22, 23, 24, 26, 27, 28, 31], "summary": {"covered_lines": 18, "num_statements": 18, "percent_covered": 100.0, "percent_covered_display": "100", "missing_lines": 0, "excluded_lines": 0}, "missing_lines": [], "excluded_lines": []}}, "classes": {"": {"executed_lines": [1, 6, 7, 10, 11, 13, 15, 16, 18, 19, 20, 21, 22, 23, 24, 26, 27, 28, 31], "summary": {"covered_lines": 18, "num_statements": 18, "percent_covered": 100.0, "percent_covered_display": "100", "missing_lines": 0, "excluded_lines": 0}, "missing_lines": [], "excluded_lines": []}}}, "src/core/contract_validator.py": {"executed_lines": [], "summary": {"covered_lines": 0, "num_statements": 43, "percent_covered": 0.0, "percent_covered_display": "0", "missing_lines": 43, "excluded_lines": 0}, "missing_lines": [5, 6, 7, 9, 10, 12, 14, 17, 18, 19, 20, 22, 24, 25, 26, 28, 29, 30, 31, 32, 33, 34, 35, 36, 38, 49, 50, 51, 53, 54, 55, 56, 57, 58, 59, 60, 61, 62, 64, 66, 68, 70, 73], "excluded_lines": [], "functions": {"ContractValidator.__init__": {"executed_lines": [], "summary": {"covered_lines": 0, "num_statements": 3, "percent_covered": 0.0, "percent_covered_display": "0", "missing_lines": 3, "excluded_lines": 0}, "missing_lines": [18, 19, 20], "excluded_lines": []}, "ContractValidator._load_schemas": {"executed_lines": [], "summary": {"covered_lines": 0, "num_statements": 12, "percent_covered": 0.0, "percent_covered_display": "0", "missing_lines": 12, "excluded_lines": 0}, "missing_lines": [24, 25, 26, 28, 29, 30, 31, 32, 33, 34, 35, 36], "excluded_lines": []}, "ContractValidator.validate_response": {"executed_lines": [], "summary": {"covered_lines": 0, "num_statements": 13, "percent_covered": 0.0, "percent_covered_display": "0", "missing_lines": 13, "excluded_lines": 0}, "missing_lines": [49, 50, 51, 53, 54, 55, 56, 57, 58, 59, 60, 61, 62], "excluded_lines": []}, "ContractValidator.get_schema": {"executed_lines": [], "summary": {"covered_lines": 0, "num_statements": 1, "percent_covered": 0.0, "percent_covered_display": "0", "missing_lines": 1, "excluded_lines": 0}, "missing_lines": [66], "excluded_lines": []}, "ContractValidator.list_schemas": {"executed_lines": [], "summary": {"covered_lines": 0, "num_statements": 1, "percent_covered": 0.0, "percent_covered_display": "0", "missing_lines": 1, "excluded_lines": 0}, "missing_lines": [70], "excluded_lines": []}, "": {"executed_lines": [], "summary": {"covered_lines": 0, "num_statements": 13, "percent_covered": 0.0, "percent_covered_display": "0", "missing_lines": 13, "excluded_lines": 0}, "missing_lines": [5, 6, 7, 9, 10, 12, 14, 17, 22, 38, 64, 68, 73], "excluded_lines": []}}, "classes": {"ContractValidator": {"executed_lines": [], "summary": {"covered_lines": 0, "num_statements": 30, "percent_covered": 0.0, "percent_covered_display": "0", "missing_lines": 30, "excluded_lines": 0}, "missing_lines": [18, 19, 20, 24, 25, 26, 28, 29, 30, 31, 32, 33, 34, 35, 36, 49, 50, 51, 53, 54, 55, 56, 57, 58, 59, 60, 61, 62, 66, 70], "excluded_lines": []}, "": {"executed_lines": [], "summary": {"covered_lines": 0, "num_statements": 13, "percent_covered": 0.0, "percent_covered_display": "0", "missing_lines": 13, "excluded_lines": 0}, "missing_lines": [5, 6, 7, 9, 10, 12, 14, 17, 22, 38, 64, 68, 73], "excluded_lines": []}}}, "src/core/interfaces/__init__.py": {"executed_lines": [1, 6, 13, 23], "summary": {"covered_lines": 3, "num_statements": 3, "percent_covered": 100.0, "percent_covered_display": "100", "missing_lines": 0, "excluded_lines": 0}, "missing_lines": [], "excluded_lines": [], "functions": {"": {"executed_lines": [1, 6, 13, 23], "summary": {"covered_lines": 3, "num_statements": 3, "percent_covered": 100.0, "percent_covered_display": "100", "missing_lines": 0, "excluded_lines": 0}, "missing_lines": [], "excluded_lines": []}}, "classes": {"": {"executed_lines": [1, 6, 13, 23], "summary": {"covered_lines": 3, "num_statements": 3, "percent_covered": 100.0, "percent_covered_display": "100", "missing_lines": 0, "excluded_lines": 0}, "missing_lines": [], "excluded_lines": []}}}, "src/core/interfaces/data_source_interface.py": {"executed_lines": [1, 6, 7, 9, 12, 13, 22, 23, 44, 45, 64, 65, 86, 87, 104, 105, 123, 124, 142, 143, 158, 159, 160, 163, 164, 165, 168, 169, 170, 173, 174, 175], "summary": {"covered_lines": 26, "num_statements": 33, "percent_covered": 78.78787878787878, "percent_covered_display": "79", "missing_lines": 7, "excluded_lines": 0}, "missing_lines": [42, 62, 84, 102, 121, 140, 155], "excluded_lines": [], "functions": {"DataSourceInterface.get_daily_quotes": {"executed_lines": [], "summary": {"covered_lines": 0, "num_statements": 1, "percent_covered": 0.0, "percent_covered_display": "0", "missing_lines": 1, "excluded_lines": 0}, "missing_lines": [42], "excluded_lines": []}, "DataSourceInterface.get_announcements": {"executed_lines": [], "summary": {"covered_lines": 0, "num_statements": 1, "percent_covered": 0.0, "percent_covered_display": "0", "missing_lines": 1, "excluded_lines": 0}, "missing_lines": [62], "excluded_lines": []}, "DataSourceInterface.get_financial_data": {"executed_lines": [], "summary": {"covered_lines": 0, "num_statements": 1, "percent_covered": 0.0, "percent_covered_display": "0", "missing_lines": 1, "excluded_lines": 0}, "missing_lines": [84], "excluded_lines": []}, "DataSourceInterface.get_industry_classification": {"executed_lines": [], "summary": {"covered_lines": 0, "num_statements": 1, "percent_covered": 0.0, "percent_covered_display": "0", "missing_lines": 1, "excluded_lines": 0}, "missing_lines": [102], "excluded_lines": []}, "DataSourceInterface.get_concept_data": {"executed_lines": [], "summary": {"covered_lines": 0, "num_statements": 1, "percent_covered": 0.0, "percent_covered_display": "0", "missing_lines": 1, "excluded_lines": 0}, "missing_lines": [121], "excluded_lines": []}, "DataSourceInterface.get_market_data": {"executed_lines": [], "summary": {"covered_lines": 0, "num_statements": 1, "percent_covered": 0.0, "percent_covered_display": "0", "missing_lines": 1, "excluded_lines": 0}, "missing_lines": [140], "excluded_lines": []}, "DataSourceInterface.health_check": {"executed_lines": [], "summary": {"covered_lines": 0, "num_statements": 1, "percent_covered": 0.0, "percent_covered_display": "0", "missing_lines": 1, "excluded_lines": 0}, "missing_lines": [155], "excluded_lines": []}, "": {"executed_lines": [1, 6, 7, 9, 12, 13, 22, 23, 44, 45, 64, 65, 86, 87, 104, 105, 123, 124, 142, 143, 158, 159, 160, 163, 164, 165, 168, 169, 170, 173, 174, 175], "summary": {"covered_lines": 26, "num_statements": 26, "percent_covered": 100.0, "percent_covered_display": "100", "missing_lines": 0, "excluded_lines": 0}, "missing_lines": [], "excluded_lines": []}}, "classes": {"DataSourceInterface": {"executed_lines": [], "summary": {"covered_lines": 0, "num_statements": 7, "percent_covered": 0.0, "percent_covered_display": "0", "missing_lines": 7, "excluded_lines": 0}, "missing_lines": [42, 62, 84, 102, 121, 140, 155], "excluded_lines": []}, "DataSourceError": {"executed_lines": [], "summary": {"covered_lines": 0, "num_statements": 0, "percent_covered": 100.0, "percent_covered_display": "100", "missing_lines": 0, "excluded_lines": 0}, "missing_lines": [], "excluded_lines": []}, "DataSourceTimeoutError": {"executed_lines": [], "summary": {"covered_lines": 0, "num_statements": 0, "percent_covered": 100.0, "percent_covered_display": "100", "missing_lines": 0, "excluded_lines": 0}, "missing_lines": [], "excluded_lines": []}, "DataSourceRateLimitError": {"executed_lines": [], "summary": {"covered_lines": 0, "num_statements": 0, "percent_covered": 100.0, "percent_covered_display": "100", "missing_lines": 0, "excluded_lines": 0}, "missing_lines": [], "excluded_lines": []}, "DataSourceAuthenticationError": {"executed_lines": [], "summary": {"covered_lines": 0, "num_statements": 0, "percent_covered": 100.0, "percent_covered_display": "100", "missing_lines": 0, "excluded_lines": 0}, "missing_lines": [], "excluded_lines": []}, "": {"executed_lines": [1, 6, 7, 9, 12, 13, 22, 23, 44, 45, 64, 65, 86, 87, 104, 105, 123, 124, 142, 143, 158, 159, 160, 163, 164, 165, 168, 169, 170, 173, 174, 175], "summary": {"covered_lines": 26, "num_statements": 26, "percent_covered": 100.0, "percent_covered_display": "100", "missing_lines": 0, "excluded_lines": 0}, "missing_lines": [], "excluded_lines": []}}}, "src/core/interfaces/llm_provider_interface.py": {"executed_lines": [1, 6, 7, 8, 11, 12, 13, 14, 15, 16, 19, 20, 29, 30, 53, 54, 77, 78, 97, 98, 121, 122, 147, 148, 167, 168, 177, 178, 195, 196, 212, 213, 214, 217, 218, 219, 222, 223, 224, 227, 228, 229, 232, 233, 234], "summary": {"covered_lines": 37, "num_statements": 46, "percent_covered": 80.43478260869566, "percent_covered_display": "80", "missing_lines": 9, "excluded_lines": 0}, "missing_lines": [51, 75, 95, 119, 145, 165, 175, 193, 209], "excluded_lines": [], "functions": {"LlmProviderInterface.generate_text": {"executed_lines": [], "summary": {"covered_lines": 0, "num_statements": 1, "percent_covered": 0.0, "percent_covered_display": "0", "missing_lines": 1, "excluded_lines": 0}, "missing_lines": [51], "excluded_lines": []}, "LlmProviderInterface.chat_completion": {"executed_lines": [], "summary": {"covered_lines": 0, "num_statements": 1, "percent_covered": 0.0, "percent_covered_display": "0", "missing_lines": 1, "excluded_lines": 0}, "missing_lines": [75], "excluded_lines": []}, "LlmProviderInterface.generate_embeddings": {"executed_lines": [], "summary": {"covered_lines": 0, "num_statements": 1, "percent_covered": 0.0, "percent_covered_display": "0", "missing_lines": 1, "excluded_lines": 0}, "missing_lines": [95], "excluded_lines": []}, "LlmProviderInterface.analyze_sentiment": {"executed_lines": [], "summary": {"covered_lines": 0, "num_statements": 1, "percent_covered": 0.0, "percent_covered_display": "0", "missing_lines": 1, "excluded_lines": 0}, "missing_lines": [119], "excluded_lines": []}, "LlmProviderInterface.analyze_fact": {"executed_lines": [], "summary": {"covered_lines": 0, "num_statements": 1, "percent_covered": 0.0, "percent_covered_display": "0", "missing_lines": 1, "excluded_lines": 0}, "missing_lines": [145], "excluded_lines": []}, "LlmProviderInterface.batch_process": {"executed_lines": [], "summary": {"covered_lines": 0, "num_statements": 1, "percent_covered": 0.0, "percent_covered_display": "0", "missing_lines": 1, "excluded_lines": 0}, "missing_lines": [165], "excluded_lines": []}, "LlmProviderInterface.get_available_models": {"executed_lines": [], "summary": {"covered_lines": 0, "num_statements": 1, "percent_covered": 0.0, "percent_covered_display": "0", "missing_lines": 1, "excluded_lines": 0}, "missing_lines": [175], "excluded_lines": []}, "LlmProviderInterface.get_model_info": {"executed_lines": [], "summary": {"covered_lines": 0, "num_statements": 1, "percent_covered": 0.0, "percent_covered_display": "0", "missing_lines": 1, "excluded_lines": 0}, "missing_lines": [193], "excluded_lines": []}, "LlmProviderInterface.health_check": {"executed_lines": [], "summary": {"covered_lines": 0, "num_statements": 1, "percent_covered": 0.0, "percent_covered_display": "0", "missing_lines": 1, "excluded_lines": 0}, "missing_lines": [209], "excluded_lines": []}, "": {"executed_lines": [1, 6, 7, 8, 11, 12, 13, 14, 15, 16, 19, 20, 29, 30, 53, 54, 77, 78, 97, 98, 121, 122, 147, 148, 167, 168, 177, 178, 195, 196, 212, 213, 214, 217, 218, 219, 222, 223, 224, 227, 228, 229, 232, 233, 234], "summary": {"covered_lines": 37, "num_statements": 37, "percent_covered": 100.0, "percent_covered_display": "100", "missing_lines": 0, "excluded_lines": 0}, "missing_lines": [], "excluded_lines": []}}, "classes": {"LlmModelType": {"executed_lines": [], "summary": {"covered_lines": 0, "num_statements": 0, "percent_covered": 100.0, "percent_covered_display": "100", "missing_lines": 0, "excluded_lines": 0}, "missing_lines": [], "excluded_lines": []}, "LlmProviderInterface": {"executed_lines": [], "summary": {"covered_lines": 0, "num_statements": 9, "percent_covered": 0.0, "percent_covered_display": "0", "missing_lines": 9, "excluded_lines": 0}, "missing_lines": [51, 75, 95, 119, 145, 165, 175, 193, 209], "excluded_lines": []}, "LlmProviderError": {"executed_lines": [], "summary": {"covered_lines": 0, "num_statements": 0, "percent_covered": 100.0, "percent_covered_display": "100", "missing_lines": 0, "excluded_lines": 0}, "missing_lines": [], "excluded_lines": []}, "LlmProviderTimeoutError": {"executed_lines": [], "summary": {"covered_lines": 0, "num_statements": 0, "percent_covered": 100.0, "percent_covered_display": "100", "missing_lines": 0, "excluded_lines": 0}, "missing_lines": [], "excluded_lines": []}, "LlmProviderRateLimitError": {"executed_lines": [], "summary": {"covered_lines": 0, "num_statements": 0, "percent_covered": 100.0, "percent_covered_display": "100", "missing_lines": 0, "excluded_lines": 0}, "missing_lines": [], "excluded_lines": []}, "LlmProviderAuthenticationError": {"executed_lines": [], "summary": {"covered_lines": 0, "num_statements": 0, "percent_covered": 100.0, "percent_covered_display": "100", "missing_lines": 0, "excluded_lines": 0}, "missing_lines": [], "excluded_lines": []}, "LlmProviderModelNotFoundError": {"executed_lines": [], "summary": {"covered_lines": 0, "num_statements": 0, "percent_covered": 100.0, "percent_covered_display": "100", "missing_lines": 0, "excluded_lines": 0}, "missing_lines": [], "excluded_lines": []}, "": {"executed_lines": [1, 6, 7, 8, 11, 12, 13, 14, 15, 16, 19, 20, 29, 30, 53, 54, 77, 78, 97, 98, 121, 122, 147, 148, 167, 168, 177, 178, 195, 196, 212, 213, 214, 217, 218, 219, 222, 223, 224, 227, 228, 229, 232, 233, 234], "summary": {"covered_lines": 37, "num_statements": 37, "percent_covered": 100.0, "percent_covered_display": "100", "missing_lines": 0, "excluded_lines": 0}, "missing_lines": [], "excluded_lines": []}}}, "src/core/logging_config.py": {"executed_lines": [], "summary": {"covered_lines": 0, "num_statements": 15, "percent_covered": 0.0, "percent_covered_display": "0", "missing_lines": 15, "excluded_lines": 0}, "missing_lines": [5, 6, 7, 9, 12, 16, 17, 20, 36, 37, 38, 39, 42, 43, 45], "excluded_lines": [], "functions": {"setup_logging": {"executed_lines": [], "summary": {"covered_lines": 0, "num_statements": 10, "percent_covered": 0.0, "percent_covered_display": "0", "missing_lines": 10, "excluded_lines": 0}, "missing_lines": [16, 17, 20, 36, 37, 38, 39, 42, 43, 45], "excluded_lines": []}, "": {"executed_lines": [], "summary": {"covered_lines": 0, "num_statements": 5, "percent_covered": 0.0, "percent_covered_display": "0", "missing_lines": 5, "excluded_lines": 0}, "missing_lines": [5, 6, 7, 9, 12], "excluded_lines": []}}, "classes": {"": {"executed_lines": [], "summary": {"covered_lines": 0, "num_statements": 15, "percent_covered": 0.0, "percent_covered_display": "0", "missing_lines": 15, "excluded_lines": 0}, "missing_lines": [5, 6, 7, 9, 12, 16, 17, 20, 36, 37, 38, 39, 42, 43, 45], "excluded_lines": []}}}, "src/entities/__init__.py": {"executed_lines": [1, 6, 7, 8, 9, 10, 12], "summary": {"covered_lines": 6, "num_statements": 6, "percent_covered": 100.0, "percent_covered_display": "100", "missing_lines": 0, "excluded_lines": 0}, "missing_lines": [], "excluded_lines": [], "functions": {"": {"executed_lines": [1, 6, 7, 8, 9, 10, 12], "summary": {"covered_lines": 6, "num_statements": 6, "percent_covered": 100.0, "percent_covered_display": "100", "missing_lines": 0, "excluded_lines": 0}, "missing_lines": [], "excluded_lines": []}}, "classes": {"": {"executed_lines": [1, 6, 7, 8, 9, 10, 12], "summary": {"covered_lines": 6, "num_statements": 6, "percent_covered": 100.0, "percent_covered_display": "100", "missing_lines": 0, "excluded_lines": 0}, "missing_lines": [], "excluded_lines": []}}}, "src/entities/anomaly_event.py": {"executed_lines": [1, 5, 7, 8, 9, 11, 14, 15, 16, 19, 20, 21, 22, 23, 26, 27, 28, 29, 30, 33, 34, 37, 43, 49, 64, 83, 84, 103], "summary": {"covered_lines": 26, "num_statements": 42, "percent_covered": 61.904761904761905, "percent_covered_display": "62", "missing_lines": 16, "excluded_lines": 0}, "missing_lines": [46, 47, 51, 53, 54, 55, 56, 57, 60, 61, 62, 66, 81, 86, 87, 105], "excluded_lines": [], "functions": {"AnomalyEventEntity.__init__": {"executed_lines": [], "summary": {"covered_lines": 0, "num_statements": 2, "percent_covered": 0.0, "percent_covered_display": "0", "missing_lines": 2, "excluded_lines": 0}, "missing_lines": [46, 47], "excluded_lines": []}, "AnomalyEventEntity._validate_input_data": {"executed_lines": [], "summary": {"covered_lines": 0, "num_statements": 9, "percent_covered": 0.0, "percent_covered_display": "0", "missing_lines": 9, "excluded_lines": 0}, "missing_lines": [51, 53, 54, 55, 56, 57, 60, 61, 62], "excluded_lines": []}, "AnomalyEventEntity.to_anomaly_event": {"executed_lines": [], "summary": {"covered_lines": 0, "num_statements": 2, "percent_covered": 0.0, "percent_covered_display": "0", "missing_lines": 2, "excluded_lines": 0}, "missing_lines": [66, 81], "excluded_lines": []}, "AnomalyEventEntity.from_anomaly_event": {"executed_lines": [], "summary": {"covered_lines": 0, "num_statements": 2, "percent_covered": 0.0, "percent_covered_display": "0", "missing_lines": 2, "excluded_lines": 0}, "missing_lines": [86, 87], "excluded_lines": []}, "AnomalyEventEntity.__repr__": {"executed_lines": [], "summary": {"covered_lines": 0, "num_statements": 1, "percent_covered": 0.0, "percent_covered_display": "0", "missing_lines": 1, "excluded_lines": 0}, "missing_lines": [105], "excluded_lines": []}, "": {"executed_lines": [1, 5, 7, 8, 9, 11, 14, 15, 16, 19, 20, 21, 22, 23, 26, 27, 28, 29, 30, 33, 34, 37, 43, 49, 64, 83, 84, 103], "summary": {"covered_lines": 26, "num_statements": 26, "percent_covered": 100.0, "percent_covered_display": "100", "missing_lines": 0, "excluded_lines": 0}, "missing_lines": [], "excluded_lines": []}}, "classes": {"AnomalyEventEntity": {"executed_lines": [], "summary": {"covered_lines": 0, "num_statements": 16, "percent_covered": 0.0, "percent_covered_display": "0", "missing_lines": 16, "excluded_lines": 0}, "missing_lines": [46, 47, 51, 53, 54, 55, 56, 57, 60, 61, 62, 66, 81, 86, 87, 105], "excluded_lines": []}, "": {"executed_lines": [1, 5, 7, 8, 9, 11, 14, 15, 16, 19, 20, 21, 22, 23, 26, 27, 28, 29, 30, 33, 34, 37, 43, 49, 64, 83, 84, 103], "summary": {"covered_lines": 26, "num_stateme
[...]
s": [], "summary": {"covered_lines": 0, "num_statements": 0, "percent_covered": 100.0, "percent_covered_display": "100", "missing_lines": 0, "excluded_lines": 0}, "missing_lines": [], "excluded_lines": []}, "MetaCognitionEngine": {"executed_lines": [], "summary": {"covered_lines": 0, "num_statements": 22, "percent_covered": 0.0, "percent_covered_display": "0", "missing_lines": 22, "excluded_lines": 0}, "missing_lines": [35, 36, 39, 56, 58, 60, 63, 69, 71, 72, 74, 75, 76, 80, 109, 127, 129, 131, 139, 140, 141, 145], "excluded_lines": []}, "": {"executed_lines": [], "summary": {"covered_lines": 0, "num_statements": 20, "percent_covered": 0.0, "percent_covered_display": "0", "missing_lines": 20, "excluded_lines": 0}, "missing_lines": [6, 7, 8, 9, 10, 12, 15, 16, 18, 19, 20, 21, 22, 25, 28, 41, 78, 107, 125, 143], "excluded_lines": []}}}, "src/services/quant_signal_service.py": {"executed_lines": [1, 6, 7, 8, 10, 11, 16, 17, 19, 20, 21, 28, 29, 31, 56, 165, 227, 265, 293, 302, 311, 320, 329, 334, 339, 344, 349, 354, 359, 364, 369, 378, 387, 396, 405, 420, 437, 468, 499], "summary": {"covered_lines": 37, "num_statements": 181, "percent_covered": 20.441988950276244, "percent_covered_display": "20", "missing_lines": 144, "excluded_lines": 0}, "missing_lines": [38, 39, 42, 43, 47, 48, 51, 52, 53, 54, 75, 77, 79, 80, 81, 82, 85, 86, 87, 88, 91, 92, 93, 94, 97, 98, 99, 100, 103, 106, 111, 148, 149, 151, 152, 153, 184, 186, 188, 189, 190, 192, 193, 196, 197, 198, 201, 202, 203, 206, 207, 208, 210, 211, 213, 214, 215, 237, 239, 240, 242, 245, 246, 247, 249, 250, 252, 253, 254, 275, 276, 277, 281, 282, 283, 295, 296, 299, 300, 304, 305, 308, 309, 313, 314, 317, 318, 322, 323, 326, 327, 332, 337, 342, 347, 352, 357, 362, 367, 371, 372, 375, 376, 380, 381, 384, 385, 389, 390, 393, 394, 398, 399, 402, 403, 414, 415, 417, 418, 427, 429, 430, 432, 433, 435, 439, 441, 442, 443, 445, 466, 470, 472, 473, 474, 476, 497, 501, 502, 504, 505, 506, 508, 529], "excluded_lines": [], "functions": {"QuantSignalService.__init__": {"executed_lines": [], "summary": {"covered_lines": 0, "num_statements": 10, "percent_covered": 0.0, "percent_covered_display": "0", "missing_lines": 10, "excluded_lines": 0}, "missing_lines": [38, 39, 42, 43, 47, 48, 51, 52, 53, 54], "excluded_lines": []}, "QuantSignalService.calculate_quant_signal": {"executed_lines": [], "summary": {"covered_lines": 0, "num_statements": 26, "percent_covered": 0.0, "percent_covered_display": "0", "missing_lines": 26, "excluded_lines": 0}, "missing_lines": [75, 77, 79, 80, 81, 82, 85, 86, 87, 88, 91, 92, 93, 94, 97, 98, 99, 100, 103, 106, 111, 148, 149, 151, 152, 153], "excluded_lines": []}, "QuantSignalService.detect_anomalies": {"executed_lines": [], "summary": {"covered_lines": 0, "num_statements": 21, "percent_covered": 0.0, "percent_covered_display": "0", "missing_lines": 21, "excluded_lines": 0}, "missing_lines": [184, 186, 188, 189, 190, 192, 193, 196, 197, 198, 201, 202, 203, 206, 207, 208, 210, 211, 213, 214, 215], "excluded_lines": []}, "QuantSignalService.save_quant_signal": {"executed_lines": [], "summary": {"covered_lines": 0, "num_statements": 12, "percent_covered": 0.0, "percent_covered_display": "0", "missing_lines": 12, "excluded_lines": 0}, "missing_lines": [237, 239, 240, 242, 245, 246, 247, 249, 250, 252, 253, 254], "excluded_lines": []}, "QuantSignalService.get_quant_signal_by_id": {"executed_lines": [], "summary": {"covered_lines": 0, "num_statements": 6, "percent_covered": 0.0, "percent_covered_display": "0", "missing_lines": 6, "excluded_lines": 0}, "missing_lines": [275, 276, 277, 281, 282, 283], "excluded_lines": []}, "QuantSignalService._calculate_return_z_score": {"executed_lines": [], "summary": {"covered_lines": 0, "num_statements": 4, "percent_covered": 0.0, "percent_covered_display": "0", "missing_lines": 4, "excluded_lines": 0}, "missing_lines": [295, 296, 299, 300], "excluded_lines": []}, "QuantSignalService._calculate_volume_z_score": {"executed_lines": [], "summary": {"covered_lines": 0, "num_statements": 4, "percent_covered": 0.0, "percent_covered_display": "0", "missing_lines": 4, "excluded_lines": 0}, "missing_lines": [304, 305, 308, 309], "excluded_lines": []}, "QuantSignalService._calculate_momentum_z_score": {"executed_lines": [], "summary": {"covered_lines": 0, "num_statements": 4, "percent_covered": 0.0, "percent_covered_display": "0", "missing_lines": 4, "excluded_lines": 0}, "missing_lines": [313, 314, 317, 318], "excluded_lines": []}, "QuantSignalService._calculate_volatility_z_score": {"executed_lines": [], "summary": {"covered_lines": 0, "num_statements": 4, "percent_covered": 0.0, "percent_covered_display": "0", "missing_lines": 4, "excluded_lines": 0}, "missing_lines": [322, 323, 326, 327], "excluded_lines": []}, "QuantSignalService._calculate_macro_risk_z_score": {"executed_lines": [], "summary": {"covered_lines": 0, "num_statements": 1, "percent_covered": 0.0, "percent_covered_display": "0", "missing_lines": 1, "excluded_lines": 0}, "missing_lines": [332], "excluded_lines": []}, "QuantSignalService._calculate_market_style_z_score": {"executed_lines": [], "summary": {"covered_lines": 0, "num_statements": 1, "percent_covered": 0.0, "percent_covered_display": "0", "missing_lines": 1, "excluded_lines": 0}, "missing_lines": [337], "excluded_lines": []}, "QuantSignalService._calculate_industry_rotation_z_score": {"executed_lines": [], "summary": {"covered_lines": 0, "num_statements": 1, "percent_covered": 0.0, "percent_covered_display": "0", "missing_lines": 1, "excluded_lines": 0}, "missing_lines": [342], "excluded_lines": []}, "QuantSignalService._calculate_concept_z_score": {"executed_lines": [], "summary": {"covered_lines": 0, "num_statements": 1, "percent_covered": 0.0, "percent_covered_display": "0", "missing_lines": 1, "excluded_lines": 0}, "missing_lines": [347], "excluded_lines": []}, "QuantSignalService._calculate_mda_fulfillment_rate": {"executed_lines": [], "summary": {"covered_lines": 0, "num_statements": 1, "percent_covered": 0.0, "percent_covered_display": "0", "missing_lines": 1, "excluded_lines": 0}, "missing_lines": [352], "excluded_lines": []}, "QuantSignalService._calculate_management_credibility_score": {"executed_lines": [], "summary": {"covered_lines": 0, "num_statements": 1, "percent_covered": 0.0, "percent_covered_display": "0", "missing_lines": 1, "excluded_lines": 0}, "missing_lines": [357], "excluded_lines": []}, "QuantSignalService._calculate_disclosure_quality_score": {"executed_lines": [], "summary": {"covered_lines": 0, "num_statements": 1, "percent_covered": 0.0, "percent_covered_display": "0", "missing_lines": 1, "excluded_lines": 0}, "missing_lines": [362], "excluded_lines": []}, "QuantSignalService._calculate_financial_transparency_score": {"executed_lines": [], "summary": {"covered_lines": 0, "num_statements": 1, "percent_covered": 0.0, "percent_covered_display": "0", "missing_lines": 1, "excluded_lines": 0}, "missing_lines": [367], "excluded_lines": []}, "QuantSignalService._calculate_rsi": {"executed_lines": [], "summary": {"covered_lines": 0, "num_statements": 4, "percent_covered": 0.0, "percent_covered_display": "0", "missing_lines": 4, "excluded_lines": 0}, "missing_lines": [371, 372, 375, 376], "excluded_lines": []}, "QuantSignalService._calculate_macd_signal": {"executed_lines": [], "summary": {"covered_lines": 0, "num_statements": 4, "percent_covered": 0.0, "percent_covered_display": "0", "missing_lines": 4, "excluded_lines": 0}, "missing_lines": [380, 381, 384, 385], "excluded_lines": []}, "QuantSignalService._calculate_bollinger_position": {"executed_lines": [], "summary": {"covered_lines": 0, "num_statements": 4, "percent_covered": 0.0, "percent_covered_display": "0", "missing_lines": 4, "excluded_lines": 0}, "missing_lines": [389, 390, 393, 394], "excluded_lines": []}, "QuantSignalService._calculate_ma_signal": {"executed_lines": [], "summary": {"covered_lines": 0, "num_statements": 4, "percent_covered": 0.0, "percent_covered_display": "0", "missing_lines": 4, "excluded_lines": 0}, "missing_lines": [398, 399, 402, 403], "excluded_lines": []}, "QuantSignalService._calculate_overall_signal_strength": {"executed_lines": [], "summary": {"covered_lines": 0, "num_statements": 4, "percent_covered": 0.0, "percent_covered_display": "0", "missing_lines": 4, "excluded_lines": 0}, "missing_lines": [414, 415, 417, 418], "excluded_lines": []}, "QuantSignalService._calculate_signal_confidence": {"executed_lines": [], "summary": {"covered_lines": 0, "num_statements": 6, "percent_covered": 0.0, "percent_covered_display": "0", "missing_lines": 6, "excluded_lines": 0}, "missing_lines": [427, 429, 430, 432, 433, 435], "excluded_lines": []}, "QuantSignalService._detect_price_anomaly": {"executed_lines": [], "summary": {"covered_lines": 0, "num_statements": 6, "percent_covered": 0.0, "percent_covered_display": "0", "missing_lines": 6, "excluded_lines": 0}, "missing_lines": [439, 441, 442, 443, 445, 466], "excluded_lines": []}, "QuantSignalService._detect_volume_anomaly": {"executed_lines": [], "summary": {"covered_lines": 0, "num_statements": 6, "percent_covered": 0.0, "percent_covered_display": "0", "missing_lines": 6, "excluded_lines": 0}, "missing_lines": [470, 472, 473, 474, 476, 497], "excluded_lines": []}, "QuantSignalService._detect_volatility_anomaly": {"executed_lines": [], "summary": {"covered_lines": 0, "num_statements": 7, "percent_covered": 0.0, "percent_covered_display": "0", "missing_lines": 7, "excluded_lines": 0}, "missing_lines": [501, 502, 504, 505, 506, 508, 529], "excluded_lines": []}, "": {"executed_lines": [1, 6, 7, 8, 10, 11, 16, 17, 19, 20, 21, 28, 29, 31, 56, 165, 227, 265, 293, 302, 311, 320, 329, 334, 339, 344, 349, 354, 359, 364, 369, 378, 387, 396, 405, 420, 437, 468, 499], "summary": {"covered_lines": 37, "num_statements": 37, "percent_covered": 100.0, "percent_covered_display": "100", "missing_lines": 0, "excluded_lines": 0}, "missing_lines": [], "excluded_lines": []}}, "classes": {"QuantSignalService": {"executed_lines": [], "summary": {"covered_lines": 0, "num_statements": 144, "percent_covered": 0.0, "percent_covered_display": "0", "missing_lines": 144, "excluded_lines": 0}, "missing_lines": [38, 39, 42, 43, 47, 48, 51, 52, 53, 54, 75, 77, 79, 80, 81, 82, 85, 86, 87, 88, 91, 92, 93, 94, 97, 98, 99, 100, 103, 106, 111, 148, 149, 151, 152, 153, 184, 186, 188, 189, 190, 192, 193, 196, 197, 198, 201, 202, 203, 206, 207, 208, 210, 211, 213, 214, 215, 237, 239, 240, 242, 245, 246, 247, 249, 250, 252, 253, 254, 275, 276, 277, 281, 282, 283, 295, 296, 299, 300, 304, 305, 308, 309, 313, 314, 317, 318, 322, 323, 326, 327, 332, 337, 342, 347, 352, 357, 362, 367, 371, 372, 375, 376, 380, 381, 384, 385, 389, 390, 393, 394, 398, 399, 402, 403, 414, 415, 417, 418, 427, 429, 430, 432, 433, 435, 439, 441, 442, 443, 445, 466, 470, 472, 473, 474, 476, 497, 501, 502, 504, 505, 506, 508, 529], "excluded_lines": []}, "": {"executed_lines": [1, 6, 7, 8, 10, 11, 16, 17, 19, 20, 21, 28, 29, 31, 56, 165, 227, 265, 293, 302, 311, 320, 329, 334, 339, 344, 349, 354, 359, 364, 369, 378, 387, 396, 405, 420, 437, 468, 499], "summary": {"covered_lines": 37, "num_statements": 37, "percent_covered": 100.0, "percent_covered_display": "100", "missing_lines": 0, "excluded_lines": 0}, "missing_lines": [], "excluded_lines": []}}}, "src/services/report_service.py": {"executed_lines": [], "summary": {"covered_lines": 0, "num_statements": 58, "percent_covered": 0.0, "percent_covered_display": "0", "missing_lines": 58, "excluded_lines": 0}, "missing_lines": [5, 6, 8, 17, 20, 22, 23, 24, 26, 28, 37, 38, 40, 50, 52, 53, 59, 60, 67, 68, 69, 70, 72, 77, 79, 81, 83, 92, 93, 94, 96, 100, 101, 103, 104, 105, 106, 107, 109, 110, 112, 114, 115, 116, 117, 119, 123, 129, 133, 139, 141, 142, 145, 150, 151, 152, 153, 155], "excluded_lines": [], "functions": {"ReportService.__init__": {"executed_lines": [], "summary": {"covered_lines": 0, "num_statements": 3, "percent_covered": 0.0, "percent_covered_display": "0", "missing_lines": 3, "excluded_lines": 0}, "missing_lines": [22, 23, 24], "excluded_lines": []}, "ReportService._initialize_sample_data": {"executed_lines": [], "summary": {"covered_lines": 0, "num_statements": 3, "percent_covered": 0.0, "percent_covered_display": "0", "missing_lines": 3, "excluded_lines": 0}, "missing_lines": [28, 37, 38], "excluded_lines": []}, "ReportService.get_reports": {"executed_lines": [], "summary": {"covered_lines": 0, "num_statements": 10, "percent_covered": 0.0, "percent_covered_display": "0", "missing_lines": 10, "excluded_lines": 0}, "missing_lines": [50, 52, 53, 59, 60, 67, 68, 69, 70, 72], "excluded_lines": []}, "ReportService.get_report_by_id": {"executed_lines": [], "summary": {"covered_lines": 0, "num_statements": 1, "percent_covered": 0.0, "percent_covered_display": "0", "missing_lines": 1, "excluded_lines": 0}, "missing_lines": [79], "excluded_lines": []}, "ReportService.create_report": {"executed_lines": [], "summary": {"covered_lines": 0, "num_statements": 4, "percent_covered": 0.0, "percent_covered_display": "0", "missing_lines": 4, "excluded_lines": 0}, "missing_lines": [83, 92, 93, 94], "excluded_lines": []}, "ReportService.update_report": {"executed_lines": [], "summary": {"covered_lines": 0, "num_statements": 9, "percent_covered": 0.0, "percent_covered_display": "0", "missing_lines": 9, "excluded_lines": 0}, "missing_lines": [100, 101, 103, 104, 105, 106, 107, 109, 110], "excluded_lines": []}, "ReportService.delete_report": {"executed_lines": [], "summary": {"covered_lines": 0, "num_statements": 4, "percent_covered": 0.0, "percent_covered_display": "0", "missing_lines": 4, "excluded_lines": 0}, "missing_lines": [114, 115, 116, 117], "excluded_lines": []}, "ReportService.get_reports_by_type": {"executed_lines": [], "summary": {"covered_lines": 0, "num_statements": 1, "percent_covered": 0.0, "percent_covered_display": "0", "missing_lines": 1, "excluded_lines": 0}, "missing_lines": [123], "excluded_lines": []}, "ReportService.get_reports_by_date_range": {"executed_lines": [], "summary": {"covered_lines": 0, "num_statements": 1, "percent_covered": 0.0, "percent_covered_display": "0", "missing_lines": 1, "excluded_lines": 0}, "missing_lines": [133], "excluded_lines": []}, "ReportService.get_statistics": {"executed_lines": [], "summary": {"covered_lines": 0, "num_statements": 8, "percent_covered": 0.0, "percent_covered_display": "0", "missing_lines": 8, "excluded_lines": 0}, "missing_lines": [141, 142, 145, 150, 151, 152, 153, 155], "excluded_lines": []}, "": {"executed_lines": [], "summary": {"covered_lines": 0, "num_statements": 14, "percent_covered": 0.0, "percent_covered_display": "0", "missing_lines": 14, "excluded_lines": 0}, "missing_lines": [5, 6, 8, 17, 20, 26, 40, 77, 81, 96, 112, 119, 129, 139], "excluded_lines": []}}, "classes": {"ReportService": {"executed_lines": [], "summary": {"covered_lines": 0, "num_statements": 44, "percent_covered": 0.0, "percent_covered_display": "0", "missing_lines": 44, "excluded_lines": 0}, "missing_lines": [22, 23, 24, 28, 37, 38, 50, 52, 53, 59, 60, 67, 68, 69, 70, 72, 79, 83, 92, 93, 94, 100, 101, 103, 104, 105, 106, 107, 109, 110, 114, 115, 116, 117, 123, 133, 141, 142, 145, 150, 151, 152, 153, 155], "excluded_lines": []}, "": {"executed_lines": [], "summary": {"covered_lines": 0, "num_statements": 14, "percent_covered": 0.0, "percent_covered_display": "0", "missing_lines": 14, "excluded_lines": 0}, "missing_lines": [5, 6, 8, 17, 20, 26, 40, 77, 81, 96, 112, 119, 129, 139], "excluded_lines": []}}}, "src/services/simple_workflow_service.py": {"executed_lines": [], "summary": {"covered_lines": 0, "num_statements": 71, "percent_covered": 0.0, "percent_covered_display": "0", "missing_lines": 71, "excluded_lines": 0}, "missing_lines": [5, 6, 7, 8, 11, 14, 16, 17, 19, 21, 23, 25, 34, 35, 38, 41, 49, 50, 52, 54, 56, 63, 64, 65, 67, 71, 73, 75, 85, 86, 89, 92, 102, 103, 105, 107, 109, 116, 117, 118, 120, 122, 124, 126, 127, 128, 129, 131, 133, 135, 137, 138, 139, 140, 141, 142, 143, 144, 146, 148, 149, 154, 156, 158, 159, 161, 162, 163, 165, 166, 168], "excluded_lines": [], "functions": {"SimpleWorkflowService.__init__": {"executed_lines": [], "summary": {"covered_lines": 0, "num_statements": 2, "percent_covered": 0.0, "percent_covered_display": "0", "missing_lines": 2, "excluded_lines": 0}, "missing_lines": [16, 17], "excluded_lines": []}, "SimpleWorkflowService.run_daily_flow": {"executed_lines": [], "summary": {"covered_lines": 0, "num_statements": 15, "percent_covered": 0.0, "percent_covered_display": "0", "missing_lines": 15, "excluded_lines": 0}, "missing_lines": [21, 23, 25, 34, 35, 38, 41, 49, 50, 52, 54, 56, 63, 64, 65], "excluded_lines": []}, "SimpleWorkflowService.run_historical_backfill": {"executed_lines": [], "summary": {"covered_lines": 0, "num_statements": 15, "percent_covered": 0.0, "percent_covered_display": "0", "missing_lines": 15, "excluded_lines": 0}, "missing_lines": [71, 73, 75, 85, 86, 89, 92, 102, 103, 105, 107, 109, 116, 117, 118], "excluded_lines": []}, "SimpleWorkflowService.get_workflow_status": {"executed_lines": [], "summary": {"covered_lines": 0, "num_statements": 1, "percent_covered": 0.0, "percent_covered_display": "0", "missing_lines": 1, "excluded_lines": 0}, "missing_lines": [122], "excluded_lines": []}, "SimpleWorkflowService.get_workflow_logs": {"executed_lines": [], "summary": {"covered_lines": 0, "num_statements": 4, "percent_covered": 0.0, "percent_covered_display": "0", "missing_lines": 4, "excluded_lines": 0}, "missing_lines": [126, 127, 128, 129], "excluded_lines": []}, "SimpleWorkflowService.get_all_workflows": {"executed_lines": [], "summary": {"covered_lines": 0, "num_statements": 1, "percent_covered": 0.0, "percent_covered_display": "0", "missing_lines": 1, "excluded_lines": 0}, "missing_lines": [133], "excluded_lines": []}, "SimpleWorkflowService.cancel_workflow": {"executed_lines": [], "summary": {"covered_lines": 0, "num_statements": 8, "percent_covered": 0.0, "percent_covered_display": "0", "missing_lines": 8, "excluded_lines": 0}, "missing_lines": [137, 138, 139, 140, 141, 142, 143, 144], "excluded_lines": []}, "SimpleWorkflowService._add_log": {"executed_lines": [], "summary": {"covered_lines": 0, "num_statements": 3, "percent_covered": 0.0, "percent_covered_display": "0", "missing_lines": 3, "excluded_lines": 0}, "missing_lines": [148, 149, 154], "excluded_lines": []}, "SimpleWorkflowService.cleanup_old_workflows": {"executed_lines": [], "summary": {"covered_lines": 0, "num_statements": 8, "percent_covered": 0.0, "percent_covered_display": "0", "missing_lines": 8, "excluded_lines": 0}, "missing_lines": [158, 159, 161, 162, 163, 165, 166, 168], "excluded_lines": []}, "": {"executed_lines": [], "summary": {"covered_lines": 0, "num_statements": 14, "percent_covered": 0.0, "percent_covered_display": "0", "missing_lines": 14, "excluded_lines": 0}, "missing_lines": [5, 6, 7, 8, 11, 14, 19, 67, 120, 124, 131, 135, 146, 156], "excluded_lines": []}}, "classes": {"SimpleWorkflowService": {"executed_lines": [], "summary": {"covered_lines": 0, "num_statements": 57, "percent_covered": 0.0, "percent_covered_display": "0", "missing_lines": 57, "excluded_lines": 0}, "missing_lines": [16, 17, 21, 23, 25, 34, 35, 38, 41, 49, 50, 52, 54, 56, 63, 64, 65, 71, 73, 75, 85, 86, 89, 92, 102, 103, 105, 107, 109, 116, 117, 118, 122, 126, 127, 128, 129, 133, 137, 138, 139, 140, 141, 142, 143, 144, 148, 149, 154, 158, 159, 161, 162, 163, 165, 166, 168], "excluded_lines": []}, "": {"executed_lines": [], "summary": {"covered_lines": 0, "num_statements": 14, "percent_covered": 0.0, "percent_covered_display": "0", "missing_lines": 14, "excluded_lines": 0}, "missing_lines": [5, 6, 7, 8, 11, 14, 19, 67, 120, 124, 131, 135, 146, 156], "excluded_lines": []}}}}, "totals": {"covered_lines": 644, "num_statements": 3458, "percent_covered": 18.62348178137652, "percent_covered_display": "19", "missing_lines": 2814, "excluded_lines": 0}}