{"meta": {"format": 3, "version": "7.10.7", "timestamp": "2025-09-26T01:30:36.693831", "branch_coverage": false, "show_contexts": false}, "files": {"src/core/__init__.py": {"executed_lines": [1], "summary": {"covered_lines": 0, "num_statements": 0, "percent_covered": 100.0, "percent_covered_display": "100", "missing_lines": 0, "excluded_lines": 0}, "missing_lines": [], "excluded_lines": [], "functions": {"": {"executed_lines": [1], "summary": {"covered_lines": 0, "num_statements": 0, "percent_covered": 100.0, "percent_covered_display": "100", "missing_lines": 0, "excluded_lines": 0}, "missing_lines": [], "excluded_lines": []}}, "classes": {"": {"executed_lines": [1], "summary": {"covered_lines": 0, "num_statements": 0, "percent_covered": 100.0, "percent_covered_display": "100", "missing_lines": 0, "excluded_lines": 0}, "missing_lines": [], "excluded_lines": []}}}, "src/core/config.py": {"executed_lines": [1, 5, 6, 9, 10, 12, 14, 15, 18, 21, 24, 25, 29], "summary": {"covered_lines": 11, "num_statements": 11, "percent_covered": 100.0, "percent_covered_display": "100", "missing_lines": 0, "excluded_lines": 0}, "missing_lines": [], "excluded_lines": [], "functions": {"Settings.__init__": {"executed_lines": [14, 15, 18, 21, 24, 25], "summary": {"covered_lines": 6, "num_statements": 6, "percent_covered": 100.0, "percent_covered_display": "100", "missing_lines": 0, "excluded_lines": 0}, "missing_lines": [], "excluded_lines": []}, "": {"executed_lines": [1, 5, 6, 9, 10, 12, 29], "summary": {"covered_lines": 5, "num_statements": 5, "percent_covered": 100.0, "percent_covered_display": "100", "missing_lines": 0, "excluded_lines": 0}, "missing_lines": [], "excluded_lines": []}}, "classes": {"Settings": {"executed_lines": [14, 15, 18, 21, 24, 25], "summary": {"covered_lines": 6, "num_statements": 6, "percent_covered": 100.0, "percent_covered_display": "100", "missing_lines": 0, "excluded_lines": 0}, "missing_lines": [], "excluded_lines": []}, "": {"executed_lines": [1, 5, 6, 9, 10, 12, 29], "summary": {"covered_lines": 5, "num_statements": 5, "percent_covered": 100.0, "percent_covered_display": "100", "missing_lines": 0, "excluded_lines": 0}, "missing_lines": [], "excluded_lines": []}}}, "src/core/interfaces/__init__.py": {"executed_lines": [1, 6, 14, 24], "summary": {"covered_lines": 3, "num_statements": 3, "percent_covered": 100.0, "percent_covered_display": "100", "missing_lines": 0, "excluded_lines": 0}, "missing_lines": [], "excluded_lines": [], "functions": {"": {"executed_lines": [1, 6, 14, 24], "summary": {"covered_lines": 3, "num_statements": 3, "percent_covered": 100.0, "percent_covered_display": "100", "missing_lines": 0, "excluded_lines": 0}, "missing_lines": [], "excluded_lines": []}}, "classes": {"": {"executed_lines": [1, 6, 14, 24], "summary": {"covered_lines": 3, "num_statements": 3, "percent_covered": 100.0, "percent_covered_display": "100", "missing_lines": 0, "excluded_lines": 0}, "missing_lines": [], "excluded_lines": []}}}, "src/core/interfaces/data_source_interface.py": {"executed_lines": [1, 6, 7, 8, 9, 12, 13, 22, 23, 44, 45, 64, 65, 86, 87, 104, 105, 123, 124, 142, 143, 158, 159, 160, 163, 164, 165, 168, 169, 170, 173, 174, 175], "summary": {"covered_lines": 27, "num_statements": 34, "percent_covered": 79.41176470588235, "percent_covered_display": "79", "missing_lines": 7, "excluded_lines": 0}, "missing_lines": [42, 62, 84, 102, 121, 140, 155], "excluded_lines": [], "functions": {"DataSourceInterface.get_daily_quotes": {"executed_lines": [], "summary": {"covered_lines": 0, "num_statements": 1, "percent_covered": 0.0, "percent_covered_display": "0", "missing_lines": 1, "excluded_lines": 0}, "missing_lines": [42], "excluded_lines": []}, "DataSourceInterface.get_announcements": {"executed_lines": [], "summary": {"covered_lines": 0, "num_statements": 1, "percent_covered": 0.0, "percent_covered_display": "0", "missing_lines": 1, "excluded_lines": 0}, "missing_lines": [62], "excluded_lines": []}, "DataSourceInterface.get_financial_data": {"executed_lines": [], "summary": {"covered_lines": 0, "num_statements": 1, "percent_covered": 0.0, "percent_covered_display": "0", "missing_lines": 1, "excluded_lines": 0}, "missing_lines": [84], "excluded_lines": []}, "DataSourceInterface.get_industry_classification": {"executed_lines": [], "summary": {"covered_lines": 0, "num_statements": 1, "percent_covered": 0.0, "percent_covered_display": "0", "missing_lines": 1, "excluded_lines": 0}, "missing_lines": [102], "excluded_lines": []}, "DataSourceInterface.get_concept_data": {"executed_lines": [], "summary": {"covered_lines": 0, "num_statements": 1, "percent_covered": 0.0, "percent_covered_display": "0", "missing_lines": 1, "excluded_lines": 0}, "missing_lines": [121], "excluded_lines": []}, "DataSourceInterface.get_market_data": {"executed_lines": [], "summary": {"covered_lines": 0, "num_statements": 1, "percent_covered": 0.0, "percent_covered_display": "0", "missing_lines": 1, "excluded_lines": 0}, "missing_lines": [140], "excluded_lines": []}, "DataSourceInterface.health_check": {"executed_lines": [], "summary": {"covered_lines": 0, "num_statements": 1, "percent_covered": 0.0, "percent_covered_display": "0", "missing_lines": 1, "excluded_lines": 0}, "missing_lines": [155], "excluded_lines": []}, "": {"executed_lines": [1, 6, 7, 8, 9, 12, 13, 22, 23, 44, 45, 64, 65, 86, 87, 104, 105, 123, 124, 142, 143, 158, 159, 160, 163, 164, 165, 168, 169, 170, 173, 174, 175], "summary": {"covered_lines": 27, "num_statements": 27, "percent_covered": 100.0, "percent_covered_display": "100", "missing_lines": 0, "excluded_lines": 0}, "missing_lines": [], "excluded_lines": []}}, "classes": {"DataSourceInterface": {"executed_lines": [], "summary": {"covered_lines": 0, "num_statements": 7, "percent_covered": 0.0, "percent_covered_display": "0", "missing_lines": 7, "excluded_lines": 0}, "missing_lines": [42, 62, 84, 102, 121, 140, 155], "excluded_lines": []}, "DataSourceError": {"executed_lines": [], "summary": {"covered_lines": 0, "num_statements": 0, "percent_covered": 100.0, "percent_covered_display": "100", "missing_lines": 0, "excluded_lines": 0}, "missing_lines": [], "excluded_lines": []}, "DataSourceTimeoutError": {"executed_lines": [], "summary": {"covered_lines": 0, "num_statements": 0, "percent_covered": 100.0, "percent_covered_display": "100", "missing_lines": 0, "excluded_lines": 0}, "missing_lines": [], "excluded_lines": []}, "DataSourceRateLimitError": {"executed_lines": [], "summary": {"covered_lines": 0, "num_statements": 0, "percent_covered": 100.0, "percent_covered_display": "100", "missing_lines": 0, "excluded_lines": 0}, "missing_lines": [], "excluded_lines": []}, "DataSourceAuthenticationError": {"executed_lines": [], "summary": {"covered_lines": 0, "num_statements": 0, "percent_covered": 100.0, "percent_covered_display": "100", "missing_lines": 0, "excluded_lines": 0}, "missing_lines": [], "excluded_lines": []}, "": {"executed_lines": [1, 6, 7, 8, 9, 12, 13, 22, 23, 44, 45, 64, 65, 86, 87, 104, 105, 123, 124, 142, 143, 158, 159, 160, 163, 164, 165, 168, 169, 170, 173, 174, 175], "summary": {"covered_lines": 27, "num_statements": 27, "percent_covered": 100.0, "percent_covered_display": "100", "missing_lines": 0, "excluded_lines": 0}, "missing_lines": [], "excluded_lines": []}}}, "src/core/interfaces/llm_provider_interface.py": {"executed_lines": [1, 6, 7, 8, 9, 12, 13, 14, 15, 16, 17, 20, 21, 30, 31, 54, 55, 78, 79, 98, 99, 122, 123, 148, 149, 168, 169, 178, 179, 196, 197, 213, 214, 215, 218, 219, 220, 223, 224, 225, 228, 229, 230, 233, 234, 235], "summary": {"covered_lines": 38, "num_statements": 47, "percent_covered": 80.85106382978724, "percent_covered_display": "81", "missing_lines": 9, "excluded_lines": 0}, "missing_lines": [52, 76, 96, 120, 146, 166, 176, 194, 210], "excluded_lines": [], "functions": {"LlmProviderInterface.generate_text": {"executed_lines": [], "summary": {"covered_lines": 0, "num_statements": 1, "percent_covered": 0.0, "percent_covered_display": "0", "missing_lines": 1, "excluded_lines": 0}, "missing_lines": [52], "excluded_lines": []}, "LlmProviderInterface.chat_completion": {"executed_lines": [], "summary": {"covered_lines": 0, "num_statements": 1, "percent_covered": 0.0, "percent_covered_display": "0", "missing_lines": 1, "excluded_lines": 0}, "missing_lines": [76], "excluded_lines": []}, "LlmProviderInterface.generate_embeddings": {"executed_lines": [], "summary": {"covered_lines": 0, "num_statements": 1, "percent_covered": 0.0, "percent_covered_display": "0", "missing_lines": 1, "excluded_lines": 0}, "missing_lines": [96], "excluded_lines": []}, "LlmProviderInterface.analyze_sentiment": {"executed_lines": [], "summary": {"covered_lines": 0, "num_statements": 1, "percent_covered": 0.0, "percent_covered_display": "0", "missing_lines": 1, "excluded_lines": 0}, "missing_lines": [120], "excluded_lines": []}, "LlmProviderInterface.analyze_fact": {"executed_lines": [], "summary": {"covered_lines": 0, "num_statements": 1, "percent_covered": 0.0, "percent_covered_display": "0", "missing_lines": 1, "excluded_lines": 0}, "missing_lines": [146], "excluded_lines": []}, "LlmProviderInterface.batch_process": {"executed_lines": [], "summary": {"covered_lines": 0, "num_statements": 1, "percent_covered": 0.0, "percent_covered_display": "0", "missing_lines": 1, "excluded_lines": 0}, "missing_lines": [166], "excluded_lines": []}, "LlmProviderInterface.get_available_models": {"executed_lines": [], "summary": {"covered_lines": 0, "num_statements": 1, "percent_covered": 0.0, "percent_covered_display": "0", "missing_lines": 1, "excluded_lines": 0}, "missing_lines": [176], "excluded_lines": []}, "LlmProviderInterface.get_model_info": {"executed_lines": [], "summary": {"covered_lines": 0, "num_statements": 1, "percent_covered": 0.0, "percent_covered_display": "0", "missing_lines": 1, "excluded_lines": 0}, "missing_lines": [194], "excluded_lines": []}, "LlmProviderInterface.health_check": {"executed_lines": [], "summary": {"covered_lines": 0, "num_statements": 1, "percent_covered": 0.0, "percent_covered_display": "0", "missing_lines": 1, "excluded_lines": 0}, "missing_lines": [210], "excluded_lines": []}, "": {"executed_lines": [1, 6, 7, 8, 9, 12, 13, 14, 15, 16, 17, 20, 21, 30, 31, 54, 55, 78, 79, 98, 99, 122, 123, 148, 149, 168, 169, 178, 179, 196, 197, 213, 214, 215, 218, 219, 220, 223, 224, 225, 228, 229, 230, 233, 234, 235], "summary": {"covered_lines": 38, "num_statements": 38, "percent_covered": 100.0, "percent_covered_display": "100", "missing_lines": 0, "excluded_lines": 0}, "missing_lines": [], "excluded_lines": []}}, "classes": {"LlmModelType": {"executed_lines": [], "summary": {"covered_lines": 0, "num_statements": 0, "percent_covered": 100.0, "percent_covered_display": "100", "missing_lines": 0, "excluded_lines": 0}, "missing_lines": [], "excluded_lines": []}, "LlmProviderInterface": {"executed_lines": [], "summary": {"covered_lines": 0, "num_statements": 9, "percent_covered": 0.0, "percent_covered_display": "0", "missing_lines": 9, "excluded_lines": 0}, "missing_lines": [52, 76, 96, 120, 146, 166, 176, 194, 210], "excluded_lines": []}, "LlmProviderError": {"executed_lines": [], "summary": {"covered_lines": 0, "num_statements": 0, "percent_covered": 100.0, "percent_covered_display": "100", "missing_lines": 0, "excluded_lines": 0}, "missing_lines": [], "excluded_lines": []}, "LlmProviderTimeoutError": {"executed_lines": [], "summary": {"covered_lines": 0, "num_statements": 0, "percent_covered": 100.0, "percent_covered_display": "100", "missing_lines": 0, "excluded_lines": 0}, "missing_lines": [], "excluded_lines": []}, "LlmProviderRateLimitError": {"executed_lines": [], "summary": {"covered_lines": 0, "num_statements": 0, "percent_covered": 100.0, "percent_covered_display": "100", "missing_lines": 0, "excluded_lines": 0}, "missing_lines": [], "excluded_lines": []}, "LlmProviderAuthenticationError": {"executed_lines": [], "summary": {"covered_lines": 0, "num_statements": 0, "percent_covered": 100.0, "percent_covered_display": "100", "missing_lines": 0, "excluded_lines": 0}, "missing_lines": [], "excluded_lines": []}, "LlmProviderModelNotFoundError": {"executed_lines": [], "summary": {"covered_lines": 0, "num_statements": 0, "percent_covered": 100.0, "percent_covered_display": "100", "missing_lines": 0, "excluded_lines": 0}, "missing_lines": [], "excluded_lines": []}, "": {"executed_lines": [1, 6, 7, 8, 9, 12, 13, 14, 15, 16, 17, 20, 21, 30, 31, 54, 55, 78, 79, 98, 99, 122, 123, 148, 149, 168, 169, 178, 179, 196, 197, 213, 214, 215, 218, 219, 220, 223, 224, 225, 228, 229, 230, 233, 234, 235], "summary": {"covered_lines": 38, "num_statements": 38, "percent_covered": 100.0, "percent_covered_display": "100", "missing_lines": 0, "excluded_lines": 0}, "missing_lines": [], "excluded_lines": []}}}, "src/entities/__init__.py": {"executed_lines": [1, 6, 7, 8, 9, 10, 12], "summary": {"covered_lines": 6, "num_statements": 6, "percent_covered": 100.0, "percent_covered_display": "100", "missing_lines": 0, "excluded_lines": 0}, "missing_lines": [], "excluded_lines": [], "functions": {"": {"executed_lines": [1, 6, 7, 8, 9, 10, 12], "summary": {"covered_lines": 6, "num_statements": 6, "percent_covered": 100.0, "percent_covered_display": "100", "missing_lines": 0, "excluded_lines": 0}, "missing_lines": [], "excluded_lines": []}}, "classes": {"": {"executed_lines": [1, 6, 7, 8, 9, 10, 12], "summary": {"covered_lines": 6, "num_statements": 6, "percent_covered": 100.0, "percent_covered_display": "100", "missing_lines": 0, "excluded_lines": 0}, "missing_lines": [], "excluded_lines": []}}}, "src/entities/anomaly_event.py": {"executed_lines": [1, 5, 6, 7, 8, 9, 11, 12, 15, 16, 17, 20, 21, 22, 23, 24, 27, 28, 29, 30, 31, 34, 35, 38, 44, 47, 50, 52, 54, 55, 56, 58, 77, 78, 97], "summary": {"covered_lines": 33, "num_statements": 39, "percent_covered": 84.61538461538461, "percent_covered_display": "85", "missing_lines": 6, "excluded_lines": 0}, "missing_lines": [48, 60, 75, 80, 81, 99], "excluded_lines": [], "functions": {"AnomalyEventEntity.__init__": {"executed_lines": [47], "summary": {"covered_lines": 1, "num_statements": 2, "percent_covered": 50.0, "percent_covered_display": "50", "missing_lines": 1, "excluded_lines": 0}, "missing_lines": [48], "excluded_lines": []}, "AnomalyEventEntity._validate_input_data": {"executed_lines": [52, 54, 55, 56], "summary": {"covered_lines": 4, "num_statements": 4, "percent_covered": 100.0, "percent_covered_display": "100", "missing_lines": 0, "excluded_lines": 0}, "missing_lines": [], "excluded_lines": []}, "AnomalyEventEntity.to_anomaly_event": {"executed_lines": [], "summary": {"covered_lines": 0, "num_statements": 2, "percent_covered": 0.0, "percent_covered_display": "0", "missing_lines": 2, "excluded_lines": 0}, "missing_lines": [60, 75], "excluded_lines": []}, "AnomalyEventEntity.from_anomaly_event": {"executed_lines": [], "summary": {"covered_lines": 0, "num_statements": 2, "percent_covered": 0.0, "percent_covered_display": "0", "missing_lines": 2, "excluded_lines": 0}, "missing_lines": [80, 81], "excluded_lines": []}, "AnomalyEventEntity.__repr__": {"executed_lines": [], "summary": {"covered_lines": 0, "num_statements": 1, "percent_covered": 0.0, "percent_covered_display": "0", "missing_lines": 1, "excluded_lines": 0}, "missing_lines": [99], "excluded_lines": []}, "": {"executed_lines": [1, 5, 6, 7, 8, 9, 11, 12, 15, 16, 17, 20, 21, 22, 23, 24, 27, 28, 29, 30, 31, 34, 35, 38, 44, 50, 58, 77, 78, 97], "summary": {"covered_lines": 28, "num_statements": 28, "percent_covered": 100.0, "percent_covered_display": "100", "missing_lines": 0, "excluded_lines": 0}, "missing_lines": [], "excluded_lines": []}}, "classes": {"AnomalyEventEntity": {"executed_lines": [47, 52, 54, 55, 56], "summary": {"covered_lines": 5, "num_statements": 11, "percent_covered": 45.45454545454545, "percent_covered_display": "45", "missing_lines": 6, "excluded_lines": 0}, "missing_lines": [48, 60, 75, 80, 81, 99], "excluded_lines": []}, "": {"executed_lines": [1, 5, 6, 7, 8, 9, 11, 12, 15, 16, 17, 20, 21, 22, 23, 24, 27, 28, 29, 30, 31, 34, 35, 38, 44, 50, 58, 77, 78, 97], "summary": {"covered_lines": 28, "num_statements": 28, "percent_covered": 100.0, "percent_covered_display": "100", "missing_lines": 0, "excluded_lines": 0}, "missing_lines": [], "excluded_lines": []}}}, "src/entities/base.py": {"executed_lines": [1, 6, 7, 8, 9, 10, 11, 14, 17, 18, 20, 21, 22, 23, 26, 27, 29, 47, 48, 66, 67, 68, 70, 74], "summary": {"covered_lines": 20, "num_statements": 46, "percent_covered": 43.47826086956522, "percent_covered_display": "43", "missing_lines": 26, "excluded_lines": 0}, "missing_lines": [31, 32, 33, 34, 36, 37, 39, 40, 41, 43, 45, 50, 53, 54, 57, 58, 61, 63, 72, 76, 77, 78, 79, 80, 82, 83], "excluded_lines": [], "functions": {"PydanticMixin.to_pydantic": {"executed_lines": [], "summary": {"covered_lines": 0, "num_statements": 11, "percent_covered": 0.0, "percent_covered_display": "0", "missing_lines": 11, "excluded_lines": 0}, "missing_lines": [31, 32, 33, 34, 36, 37, 39, 40, 41, 43, 45], "excluded_lines": []}, "PydanticMixin.from_pydantic": {"executed_lines": [], "summary": {"covered_lines": 0, "num_statements": 7, "percent_covered": 0.0, "percent_covered_display": "0", "missing_lines": 7, "excluded_lines": 0}, "missing_lines": [50, 53, 54, 57, 58, 61, 63], "excluded_lines": []}, "BaseEntity.__repr__": {"executed_lines": [], "summary": {"covered_lines": 0, "num_statements": 1, "percent_covered": 0.0, "percent_covered_display": "0", "missing_lines": 1, "excluded_lines": 0}, "missing_lines": [72], "excluded_lines": []}, "BaseEntity.to_dict": {"executed_lines": [], "summary": {"covered_lines": 0, "num_statements": 7, "percent_covered": 0.0, "percent_covered_display": "0", "missing_lines": 7, "excluded_lines": 0}, "missing_lines": [76, 77, 78, 79, 80, 82, 83], "excluded_lines": []}, "": {"executed_lines": [1, 6, 7, 8, 9, 10, 11, 14, 17, 18, 20, 21, 22, 23, 26, 27, 29, 47, 48, 66, 67, 68, 70, 74], "summary": {"covered_lines": 20, "num_statements": 20, "percent_covered": 100.0, "percent_covered_display": "100", "missing_lines": 0, "excluded_lines": 0}, "missing_lines": [], "excluded_lines": []}}, "classes": {"DatabaseEntityMixin": {"executed_lines": [], "summary": {"covered_lines": 0, "num_statements": 0, "percent_covered": 100.0, "percent_covered_display": "100", "missing_lines": 0, "excluded_lines": 0}, "missing_lines": [], "excluded_lines": []}, "PydanticMixin": {"executed_lines": [], "summary": {"covered_lines": 0, "num_statements": 18, "percent_covered": 0.0, "percent_covered_display": "0", "missing_lines": 18, "excluded_lines": 0}, "missing_lines": [31, 32, 33, 34, 36, 37, 39, 40, 41, 43, 45, 50, 53, 54, 57, 58, 61, 63], "excluded_lines": []}, "BaseEntity": {"executed_lines": [], "summary": {"covered_lines": 0, "num_statements": 8, "percent_covered": 0.0, "percent_covered_display": "0", "missing_lines": 8, "excluded_lines": 0}, "missing_lines": [72, 76, 77, 78, 79, 80, 82, 83], "excluded_lines": []}, "": {"executed_lines": [1, 6, 7, 8, 9, 10, 11, 14, 17, 18, 20, 21, 22, 23, 26, 27, 29, 47, 48, 66, 67, 68, 70, 74], "summary": {"covered_lines": 20, "num_statements": 20, "percent_covered": 100.0, "percent_covered_display": "100", "missing_lines": 0, "excluded_lines": 0}, "missing_lines": [], "excluded_lines": []}}}, "src/entities/generated_report.py": {"executed_lines": [1, 5, 6, 7, 8, 10, 11, 14, 15, 16, 19, 20, 21, 22, 23, 26, 27, 28, 31, 32, 33, 34, 37, 40, 41, 42, 45, 46, 47, 48, 51, 52, 53, 54, 57, 64, 70, 78, 108, 109, 140], "summary": {"covered_lines": 39, "num_statements": 50, "percent_covered": 78.0, "percent_covered_display": "78", "missing_lines": 11, "excluded_lines": 0}, "missing_lines": [67, 68, 72, 74, 75, 76, 80, 106, 111, 112, 142], "excluded_lines": [], "functions": {"GeneratedReportEntity.__init__": {"executed_lines": [], "summary": {"covered_lines": 0, "num_statements": 2, "percent_covered": 0.0, "percent_covered_display": "0", "missing_lines": 2, "excluded_lines": 0}, "missing_lines": [67, 68], "excluded_lines": []}, "GeneratedReportEntity._validate_input_data": {"executed_lines": [], "summary": {"covered_lines": 0, "num_statements": 4, "percent_covered": 0.0, "percent_covered_display": "0", "missing_lines": 4, "excluded_lines": 0}, "missing_lines": [72, 74, 75, 76], "excluded_lines": []}, "GeneratedReportEntity.to_generated_report": {"executed_lines": [], "summary": {"covered_lines": 0, "num_statements": 2, "percent_covered": 0.0, "percent_covered_display": "0", "missing_lines": 2, "excluded_lines": 0}, "missing_lines": [80, 106], "excluded_lines": []}, "GeneratedReportEntity.from_generated_report": {"executed_lines": [], "summary": {"covered_lines": 0, "num_statements": 2, "percent_covered": 0.0, "percent_covered_display": "0", "missing_lines": 2, "excluded_lines": 0}, "missing_lines": [111, 112], "excluded_lines": []}, "GeneratedReportEntity.__repr__": {"executed_lines": [], "summary": {"covered_lines": 0, "num_statements": 1, "percent_covered": 0.0, "percent_covered_display": "0", "missing_lines": 1, "excluded_lines": 0}, "missing_lines": [142], "excluded_lines": []}, "": {"executed_lines": [1, 5, 6, 7, 8, 10, 11, 14, 15, 16, 19, 20, 21, 22, 23, 26, 27, 28, 31, 32, 33, 34, 37, 40, 41, 42, 45, 46, 47, 48, 51, 52, 53, 54, 57, 64, 70, 78, 108, 109, 140], "summary": {"covered_lines": 39, "num_statements": 39, "percent_covered": 100.0, "percent_covered_display": "100", "missing_lines": 0, "excluded_lines": 0}, "missing_lines": [], "excluded_lines": []}}, "classes": {"GeneratedReportEntity": {"executed_lines": [], "summary": {"covered_lines": 0, "num_statements": 11, "percent_covered": 0.0, "percent_covered_display": "0", "missing_lines": 11, "excluded_lines": 0}, "missing_lines": [67, 68, 72, 74, 75, 76, 80, 106, 111, 112, 142], "excluded_lines": []}, "": {"executed_lines": [1, 5, 6, 7, 8, 10, 11, 14, 15, 16, 19, 20, 21, 22, 23, 26, 27, 28, 31, 32, 33, 34, 37, 40, 41, 42, 45, 46, 47, 48, 51, 52, 53, 54, 57, 64, 70, 78, 108, 109, 140], "summary": {"covered_lines": 39, "num_statements": 39, "percent_covered": 100.0, "percent_covered_display": "100", "missing_lines": 0, "excluded_lines": 0}, "missing_lines": [], "excluded_lines": []}}}, "src/entities/processed_event.py": {"executed_lines": [1, 5, 6, 7, 8, 10, 11, 14, 15, 16, 19, 20, 21, 22, 23, 26, 27, 30, 31, 32, 35, 36, 37, 40, 47, 53, 61, 80, 81, 101], "summary": {"covered_lines": 28, "num_statements": 39, "percent_covered": 71.7948717948718, "percent_covered_display": "72", "missing_lines": 11, "excluded_lines": 0}, "missing_lines": [50, 51, 55, 57, 58, 59, 63, 78, 83, 84, 103], "excluded_lines": [], "functions": {"ProcessedEventEntity.__init__": {"executed_lines": [], "summary": {"covered_lines": 0, "num_statements": 2, "percent_covered": 0.0, "percent_covered_display": "0", "missing_lines": 2, "excluded_lines": 0}, "missing_lines": [50, 51], "excluded_lines": []}, "ProcessedEventEntity._validate_input_data": {"executed_lines": [], "summary": {"covered_lines": 0, "num_statements": 4, "percent_covered": 0.0, "percent_covered_display": "0", "missing_lines": 4, "excluded_lines": 0}, "missing_lines": [55, 57, 58, 59], "excluded_lines": []}, "ProcessedEventEntity.to_processed_event": {"executed_lines": [], "summary": {"covered_lines": 0, "num_statements": 2, "percent_covered": 0.0, "percent_covered_display": "0", "missing_lines": 2, "excluded_lines": 0}, "missing_lines": [63, 78], "excluded_lines": []}, "ProcessedEventEntity.from_processed_event": {"executed_lines": [], "summary": {"covered_lines": 0, "num_statements": 2, "percent_covered": 0.0, "percent_covered_display": "0", "missing_lines": 2, "excluded_lines": 0}, "missing_lines": [83, 84], "excluded_lines": []}, "ProcessedEventEntity.__repr__": {"executed_lines": [], "summary": {"covered_lines": 0, "num_statements": 1, "percent_covered": 0.0, "percent_covered_display": "0", "missing_lines": 1, "excluded_lines": 0}, "missing_lines": [103], "excluded_lines": []}, "": {"executed_lines": [1, 5, 6, 7, 8, 10, 11, 14, 15, 16, 19, 20, 21, 22, 23, 26, 27, 30, 31, 32, 35, 36, 37, 40, 47, 53, 61, 80, 81, 101], "summary": {"covered_lines": 28, "num_statements": 28, "percent_covered": 100.0, "percent_covered_display": "100", "missing_lines": 0, "excluded_lines": 0}, "missing_lines": [], "excluded_lines": []}}, "classes": {"ProcessedEventEntity": {"executed_lines": [], "summary": {"covered_lines": 0, "num_statements": 11, "percent_covered": 0.0, "percent_covered_display": "0", "missing_lines": 11, "excluded_lines": 0}, "missing_lines": [50, 51, 55, 57, 58, 59, 63, 78, 83, 84, 103], "excluded_lines": []}, "": {"executed_lines": [1, 5, 6, 7, 8, 10, 11, 14, 15, 16, 19, 20, 21, 22, 23, 26, 27, 30, 31, 32, 35, 36, 37, 40, 47, 53, 61, 80, 81, 101], "summary": {"covered_lines": 28, "num_statements": 28, "percent_covered": 100.0, "percent_covered_display": "100", "missing_lines": 0, "excluded_lines": 0}, "missing_lines": [], "excluded_lines": []}}}, "src/entities/quant_signal.py": {"executed_lines": [1, 5, 6, 7, 8, 10, 11, 14, 15, 16, 19, 20, 21, 22, 23, 26, 27, 28, 29, 30, 31, 32, 33, 36, 37, 38, 39, 42, 43, 44, 45, 48, 49, 50, 53, 54, 55, 56, 59, 73, 76, 77, 79, 81, 83, 87, 121, 122, 124, 125, 157, 159], "summary": {"covered_lines": 50, "num_statements": 54, "percent_covered": 92.5925925925926, "percent_covered_display": "93", "missing_lines": 4, "excluded_lines": 0}, "missing_lines": [84, 85, 89, 119], "excluded_lines": [], "functions": {"QuantSignalEntity.__init__": {"executed_lines": [76, 77], "summary": {"covered_lines": 2, "num_statements": 2, "percent_covered": 100.0, "percent_covered_display": "100", "missing_lines": 0, "excluded_lines": 0}, "missing_lines": [], "excluded_lines": []}, "QuantSignalEntity._validate_input_data": {"executed_lines": [81, 83], "summary": {"covered_lines": 2, "num_statements": 4, "percent_covered": 50.0, "percent_covered_display": "50", "missing_lines": 2, "excluded_lines": 0}, "missing_lines": [84, 85], "excluded_lines": []}, "QuantSignalEntity.to_quant_signal": {"executed_lines": [], "summary": {"covered_lines": 0, "num_statements": 2, "percent_covered": 0.0, "percent_covered_display": "0", "missing_lines": 2, "excluded_lines": 0}, "missing_lines": [89, 119], "excluded_lines": []}, "QuantSignalEntity.from_quant_signal": {"executed_lines": [124, 125], "summary": {"covered_lines": 2, "num_statements": 2, "percent_covered": 100.0, "percent_covered_display": "100", "missing_lines": 0, "excluded_lines": 0}, "missing_lines": [], "excluded_lines": []}, "QuantSignalEntity.__repr__": {"executed_lines": [159], "summary": {"covered_lines": 1, "num_statements": 1, "percent_covered": 100.0, "percent_covered_display": "100", "missing_lines": 0, "excluded_lines": 0}, "missing_lines": [], "excluded_lines": []}, "": {"executed_lines": [1, 5, 6, 7, 8, 10, 11, 14, 15, 16, 19, 20, 21, 22, 23, 26, 27, 28, 29, 30, 31, 32, 33, 36, 37, 38, 39, 42, 43, 44, 45, 48, 49, 50, 53, 54, 55, 56, 59, 73, 79, 87, 121, 122, 157], "summary": {"covered_lines": 43, "num_statements": 43, "percent_covered": 100.0, "percent_covered_display": "100", "missing_lines": 0, "excluded_lines": 0}, "missing_lines": [], "excluded_lines": []}}, "classes": {"QuantSignalEntity": {"executed_lines": [76, 77, 81, 83, 124, 125, 159], "summary": {"covered_lines": 7, "num_statements": 11, "percent_covered": 63.63636363636363, "percent_covered_display": "64", "missing_lines": 4, "excluded_lines": 0}, "missing_lines": [84, 85, 89, 119], "excluded_lines": []}, "": {"executed_lines": [1, 5, 6, 7, 8, 10, 11, 14, 15, 16, 19, 20, 21, 22, 23, 26, 27, 28, 29, 30, 31, 32, 33, 36, 37, 38, 39, 42, 43, 44, 45, 48, 49, 50, 53, 54, 55, 56, 59, 73, 79, 87, 121, 122, 157], "summary": {"covered_lines": 43, "num_statements": 43, "percent_covered": 100.0, "percent_covered_display": "100", "missing_lines": 0, "excluded_lines": 0}, "missing_lines": [], "excluded_lines": []}}}, "src/schemas/__init__.py": {"executed_lines": [1], "summary": {"covered_lines": 0, "num_statements": 0, "percent_covered": 100.0, "percent_covered_display": "100", "missing_lines": 0, "excluded_lines": 0}, "missing_lines": [], "excluded_lines": [], "functions": {"": {"executed_lines": [1], "summary": {"covered_lines": 0, "num_statements": 0, "percent_covered": 100.0, "percent_covered_display": "100", "missing_lines": 0, "excluded_lines": 0}, "missing_lines": [], "excluded_lines": []}}, "classes": {"": {"executed_lines": [1], "summary": {"covered_lines": 0, "num_statements": 0, "percent_covered": 100.0, "percent_covered_display": "100", "missing_lines": 0, "excluded_lines": 0}, "missing_lines": [], "excluded_lines": []}}}, "src/schemas/arbitration.py": {"executed_lines": [1, 5, 6, 9, 10, 11, 12, 13, 16, 17, 18, 19, 20], "summary": {"covered_lines": 10, "num_statements": 10, "percent_covered": 100.0, "percent_covered_display": "100", "missing_lines": 0, "excluded_lines": 0}, "missing_lines": [], "excluded_lines": [], "functions": {"": {"executed_lines": [1, 5, 6, 9, 10, 11, 12, 13, 16, 17, 18, 19, 20], "summary": {"covered_lines": 10, "num_statements": 10, "percent_covered": 100.0, "percent_covered_display": "100", "missing_lines": 0, "excluded_lines": 0}, "missing_lines": [], "excluded_lines": []}}, "classes": {"AnalysisResult": {"executed_lines": [], "summary": {"covered_lines": 0, "num_statements": 0, "percent_covered": 100.0, "percent_covered_display": "100", "missing_lines": 0, "excluded_lines": 0}, "missing_lines": [], "excluded_lines": []}, "SentimentAnalysis": {"executed_lines": [], "summary": {"covered_lines": 0, "num_statements": 0, "percent_covered": 100.0, "percent_covered_display": "100", "missing_lines": 0, "excluded_lines": 0}, "missing_lines": [], "excluded_lines": []}, "": {"executed_lines": [1, 5, 6, 9, 10, 11, 12, 13, 16, 17, 18, 19, 20], "summary": {"covered_lines": 10, "num_statements": 10, "percent_covered": 100.0, "percent_covered_display": "100", "missing_lines": 0, "excluded_lines": 0}, "missing_lines": [], "excluded_lines": []}}}, "src/services/__init__.py": {"executed_lines": [1, 6, 7, 9], "summary": {"covered_lines": 3, "num_statements": 3, "percent_covered": 100.0, "percent_covered_display": "100", "missing_lines": 0, "excluded_lines": 0}, "missing_lines": [], "excluded_lines": [], "functions": {"": {"executed_lines": [1, 6, 7, 9], "summary": {"covered_lines": 3, "num_statements": 3, "percent_covered": 100.0, "percent_covered_display": "100", "missing_lines": 0, "excluded_lines": 0}, "missing_lines": [], "excluded_lines": []}}, "classes": {"": {"executed_lines": [1, 6, 7, 9], "summary": {"covered_lines": 3, "num_statements": 3, "percent_covered": 100.0, "percent_covered_display": "100", "missing_lines": 0, "excluded_lines": 0}, "missing_lines": [], "excluded_lines": []}}}, "src/services/data_pipeline_service.py": {"executed_lines": [1, 6, 7, 8, 9, 10, 13, 14, 16, 23, 24, 27, 28, 29, 30, 32, 44, 45, 47, 49, 50, 51, 53, 55, 57, 63, 70, 76, 82, 83, 84, 86, 99, 100, 102, 105, 106, 108, 110, 112, 113, 114, 116, 119, 121, 122, 123, 124, 126, 143, 144, 145, 146, 158, 159, 161, 162, 163, 165, 175, 177, 179, 180, 181, 182, 185, 188, 191, 194, 197, 199, 209, 210, 216, 218, 221, 222, 223, 224, 225, 226, 227, 228, 230, 233, 234, 235, 236, 237, 238, 239, 240, 242, 245, 246, 247, 248, 249, 250, 251, 252, 254, 257, 258, 259, 260, 261, 262, 263, 264, 266, 268, 270, 273, 275, 278, 280, 283], "summary": {"covered_lines": 116, "num_statements": 120, "percent_covered": 96.66666666666667, "percent_covered_display": "97", "missing_lines": 4, "excluded_lines": 0}, "missing_lines": [103, 212, 213, 214], "excluded_lines": [], "functions": {"DataPipelineService.__init__": {"executed_lines": [23, 24, 27, 28, 29, 30], "summary": {"covered_lines": 6, "num_statements": 6, "percent_covered": 100.0, "percent_covered_display": "100", "missing_lines": 0, "excluded_lines": 0}, "missing_lines": [], "excluded_lines": []}, "DataPipelineService.fetch_tushare_data": {"executed_lines": [44, 45, 47, 49, 50, 51, 53, 55, 57, 63, 70, 76, 82, 83, 84], "summary": {"covered_lines": 15, "num_statements": 15, "percent_covered": 100.0, "percent_covered_display": "100", "missing_lines": 0, "excluded_lines": 0}, "missing_lines": [], "excluded_lines": []}, "DataPipelineService.extract_financial_factors": {"executed_lines": [99, 100, 102, 105, 106, 108, 110, 112, 113, 114, 116, 119, 126, 143, 144, 145, 146, 158, 159, 161, 162, 163], "summary": {"covered_lines": 22, "num_statements": 23, "percent_covered": 95.65217391304348, "percent_covered_display": "96", "missing_lines": 1, "excluded_lines": 0}, "missing_lines": [103], "excluded_lines": []}, "DataPipelineService.extract_financial_factors.safe_get": {"executed_lines": [121, 122, 123, 124], "summary": {"covered_lines": 4, "num_statements": 4, "percent_covered": 100.0, "percent_covered_display": "100", "missing_lines": 0, "excluded_lines": 0}, "missing_lines": [], "excluded_lines": []}, "DataPipelineService.calculate_super_financial_factors": {"executed_lines": [175, 177, 179, 180, 181, 182, 185, 188, 191, 194, 197, 199, 209, 210], "summary": {"covered_lines": 14, "num_statements": 17, "percent_covered": 82.3529411764706, "percent_covered_display": "82", "missing_lines": 3, "excluded_lines": 0}, "missing_lines": [212, 213, 214], "excluded_lines": []}, "DataPipelineService._calculate_value_score": {"executed_lines": [218, 221, 222, 223, 224, 225, 226, 227, 228, 230, 233, 234, 235, 236, 237, 238, 239, 240, 242, 245, 246, 247, 248, 249, 250, 251, 252, 254, 257, 258, 259, 260, 261, 262, 263, 264, 266, 268], "summary": {"covered_lines": 38, "num_statements": 38, "percent_covered": 100.0, "percent_covered_display": "100", "missing_lines": 0, "excluded_lines": 0}, "missing_lines": [], "excluded_lines": []}, "DataPipelineService._calculate_growth_score": {"executed_lines": [273], "summary": {"covered_lines": 1, "num_statements": 1, "percent_covered": 100.0, "percent_covered_display": "100", "missing_lines": 0, "excluded_lines": 0}, "missing_lines": [], "excluded_lines": []}, "DataPipelineService._calculate_profitability_score": {"executed_lines": [278], "summary": {"covered_lines": 1, "num_statements": 1, "percent_covered": 100.0, "percent_covered_display": "100", "missing_lines": 0, "excluded_lines": 0}, "missing_lines": [], "excluded_lines": []}, "DataPipelineService._calculate_financial_health_score": {"executed_lines": [283], "summary": {"covered_lines": 1, "num_statements": 1, "percent_covered": 100.0, "percent_covered_display": "100", "missing_lines": 0, "excluded_lines": 0}, "missing_lines": [], "excluded_lines": []}, "": {"executed_lines": [1, 6, 7, 8, 9, 10, 13, 14, 16, 32, 86, 165, 216, 270, 275, 280], "summary": {"covered_lines": 14, "num_statements": 14, "percent_covered": 100.0, "percent_covered_display": "100", "missing_lines": 0, "excluded_lines": 0}, "missing_lines": [], "excluded_lines": []}}, "classes": {"DataPipelineService": {"executed_lines": [23, 24, 27, 28, 29, 30, 44, 45, 47, 49, 50, 51, 53, 55, 57, 63, 70, 76, 82, 83, 84, 99, 100, 102, 105, 106, 108, 110, 112, 113, 114, 116, 119, 121, 122, 123, 124, 126, 143, 144, 145, 146, 158, 159, 161, 162, 163, 175, 177, 179, 180, 181, 182, 185, 188, 191, 194, 197, 199, 209, 210, 218, 221, 222, 223, 224, 225, 226, 227, 228, 230, 233, 234, 235, 236, 237, 238, 239, 240, 242, 245, 246, 247, 248, 249, 250, 251, 252, 254, 257, 258, 259, 260, 261, 262, 263, 264, 266, 268, 273, 278, 283], "summary": {"covered_lines": 102, "num_statements": 106, "percent_covered": 96.22641509433963, "percent_covered_display": "96", "missing_lines": 4, "excluded_lines": 0}, "missing_lines": [103, 212, 213, 214], "excluded_lines": []}, "": {"executed_lines": [1, 6, 7, 8, 9, 10, 13, 14, 16, 32, 86, 165, 216, 270, 275, 280], "summary": {"covered_lines": 14, "num_statements": 14, "percent_covered": 100.0, "percent_covered_display": "100", "missing_lines": 0, "excluded_lines": 0}, "missing_lines": [], "excluded_lines": []}}}, "src/services/data_sources/__init__.py": {"executed_lines": [1, 6, 8], "summary": {"covered_lines": 2, "num_statements": 2, "percent_covered": 100.0, "percent_covered_display": "100", "missing_lines": 0, "excluded_lines": 0}, "missing_lines": [], "excluded_lines": [], "functions": {"": {"executed_lines": [1, 6, 8], "summary": {"covered_lines": 2, "num_statements": 2, "percent_covered": 100.0, "percent_covered_display": "100", "missing_lines": 0, "excluded_lines": 0}, "missing_lines": [], "excluded_lines": []}}, "classes": {"": {"executed_lines": [1, 6, 8], "summary": {"covered_lines": 2, "num_statements": 2, "percent_covered": 100.0, "percent_covered_display": "100", "missing_lines": 0, "excluded_lines": 0}, "missing_lines": [], "excluded_lines": []}}}, "src/services/data_sources/tushare_fetcher.py": {"executed_lines": [1, 6, 7, 8, 9, 10, 11, 13, 14, 17, 18, 25, 32, 33, 34, 35, 37, 39, 40, 41, 42, 47, 58, 60, 65, 66, 67, 70, 71, 73, 74, 75, 77, 88, 90, 95, 100, 101, 107, 118, 120, 125, 130, 131, 137, 166, 195, 223, 230, 231, 234, 239, 240, 242, 260, 262, 272, 274, 276, 277, 278, 286, 287, 289, 291, 294, 295, 306, 320, 334], "summary": {"covered_lines": 68, "num_statements": 131, "percent_covered": 51.908396946564885, "percent_covered_display": "52", "missing_lines": 63, "excluded_lines": 0}, "missing_lines": [43, 44, 45, 96, 97, 103, 104, 105, 126, 127, 133, 134, 135, 147, 149, 154, 155, 156, 159, 160, 162, 163, 164, 177, 179, 183, 184, 185, 188, 189, 191, 192, 193, 205, 207, 211, 212, 213, 216, 217, 219, 220, 221, 250, 251, 252, 292, 308, 309, 311, 312, 322, 323, 324, 331, 332, 336, 337, 340, 341, 342, 343, 345], "excluded_lines": [], "functions": {"TushareFetcher.__init__": {"executed_lines": [32, 33, 34, 35], "summary": {"covered_lines": 4, "num_statements": 4, "percent_covered": 100.0, "percent_covered_display": "100", "missing_lines": 0, "excluded_lines": 0}, "missing_lines": [], "excluded_lines": []}, "TushareFetcher._initialize": {"executed_lines": [39, 40, 41, 42], "summary": {"covered_lines": 4, "num_statements": 7, "percent_covered": 57.142857142857146, "percent_covered_display": "57", "missing_lines": 3, "excluded_lines": 0}, "missing_lines": [43, 44, 45], "excluded_lines": []}, "TushareFetcher.get_daily_quotes": {"executed_lines": [58, 60, 65, 66, 67, 70, 71, 73, 74, 75], "summary": {"covered_lines": 10, "num_statements": 10, "percent_covered": 100.0, "percent_covered_display": "100", "missing_lines": 0, "excluded_lines": 0}, "missing_lines": [], "excluded_lines": []}, "TushareFetcher.get_announcements": {"executed_lines": [88, 90, 95, 100, 101], "summary": {"covered_lines": 5, "num_statements": 10, "percent_covered": 50.0, "percent_covered_display": "50", "missing_lines": 5, "excluded_lines": 0}, "missing_lines": [96, 97, 103, 104, 105], "excluded_lines": []}, "TushareFetcher.get_financial_data": {"executed_lines": [118, 120, 125, 130, 131], "summary": {"covered_lines": 5, "num_statements": 10, "percent_covered": 50.0, "percent_covered_display": "50", "missing_lines": 5, "excluded_lines": 0}, "missing_lines": [126, 127, 133, 134, 135], "excluded_lines": []}, "TushareFetcher.get_industry_classification": {"executed_lines": [], "summary": {"covered_lines": 0, "num_statements": 10, "percent_covered": 0.0, "percent_covered_display": "0", "missing_lines": 10, "excluded_lines": 0}, "missing_lines": [147, 149, 154, 155, 156, 159, 160, 162, 163, 164], "excluded_lines": []}, "TushareFetcher.get_concept_data": {"executed_lines": [], "summary": {"covered_lines": 0, "num_statements": 10, "percent_covered": 0.0, "percent_covered_display": "0", "missing_lines": 10, "excluded_lines": 0}, "missing_lines": [177, 179, 183, 184, 185, 188, 189, 191, 192, 193], "excluded_lines": []}, "TushareFetcher.get_market_data": {"executed_lines": [], "summary": {"covered_lines": 0, "num_statements": 10, "percent_covered": 0.0, "percent_covered_display": "0", "missing_lines": 10, "excluded_lines": 0}, "missing_lines": [205, 207, 211, 212, 213, 216, 217, 219, 220, 221], "excluded_lines": []}, "TushareFetcher.health_check": {"executed_lines": [230, 231, 234, 239, 240, 242], "summary": {"covered_lines": 6, "num_statements": 9, "percent_covered": 66.66666666666667, "percent_covered_display": "67", "missing_lines": 3, "excluded_lines": 0}, "missing_lines": [250, 251, 252], "excluded_lines": []}, "TushareFetcher._standardize_daily_quotes": {"executed_lines": [262, 272], "summary": {"covered_lines": 2, "num_statements": 2, "percent_covered": 100.0, "percent_covered_display": "100", "missing_lines": 0, "excluded_lines": 0}, "missing_lines": [], "excluded_lines": []}, "TushareFetcher._standardize_announcements": {"executed_lines": [276, 277, 278, 286, 287], "summary": {"covered_lines": 5, "num_statements": 5, "percent_covered": 100.0, "percent_covered_display": "100", "missing_lines": 0, "excluded_lines": 0}, "missing_lines": [], "excluded_lines": []}, "TushareFetcher._standardize_financial_data": {"executed_lines": [291, 294, 295], "summary": {"covered_lines": 3, "num_statements": 4, "percent_covered": 75.0, "percent_covered_display": "75", "missing_lines": 1, "excluded_lines": 0}, "missing_lines": [292], "excluded_lines": []}, "TushareFetcher._standardize_industry_classification": {"executed_lines": [], "summary": {"covered_lines": 0, "num_statements": 4, "percent_covered": 0.0, "percent_covered_display": "0", "missing_lines": 4, "excluded_lines": 0}, "missing_lines": [308, 309, 311, 312], "excluded_lines": []}, "TushareFetcher._standardize_concept_data": {"executed_lines": [], "summary": {"covered_lines": 0, "num_statements": 5, "percent_covered": 0.0, "percent_covered_display": "0", "missing_lines": 5, "excluded_lines": 0}, "missing_lines": [322, 323, 324, 331, 332], "excluded_lines": []}, "TushareFetcher._standardize_market_data": {"executed_lines": [], "summary": {"covered_lines": 0, "num_statements": 7, "percent_covered": 0.0, "percent_covered_display": "0", "missing_lines": 7, "excluded_lines": 0}, "missing_lines": [336, 337, 340, 341, 342, 343, 345], "excluded_lines": []}, "": {"executed_lines": [1, 6, 7, 8, 9, 10, 11, 13, 14, 17, 18, 25, 37, 47, 77, 107, 137, 166, 195, 223, 260, 274, 289, 306, 320, 334], "summary": {"covered_lines": 24, "num_statements": 24, "percent_covered": 100.0, "percent_covered_display": "100", "missing_lines": 0, "excluded_lines": 0}, "missing_lines": [], "excluded_lines": []}}, "classes": {"TushareFetcher": {"executed_lines": [32, 33, 34, 35, 39, 40, 41, 42, 58, 60, 65, 66, 67, 70, 71, 73, 74, 75, 88, 90, 95, 100, 101, 118, 120, 125, 130, 131, 230, 231, 234, 239, 240, 242, 262, 272, 276, 277, 278, 286, 287, 291, 294, 295], "summary": {"covered_lines": 44, "num_statements": 107, "percent_covered": 41.12149532710281, "percent_covered_display": "41", "missing_lines": 63, "excluded_lines": 0}, "missing_lines": [43, 44, 45, 96, 97, 103, 104, 105, 126, 127, 133, 134, 135, 147, 149, 154, 155, 156, 159, 160, 162, 163, 164, 177, 179, 183, 184, 185, 188, 189, 191, 192, 193, 205, 207, 211, 212, 213, 216, 217, 219, 220, 221, 250, 251, 252, 292, 308, 309, 311, 312, 322, 323, 324, 331, 332, 336, 337, 340, 341, 342, 343, 345], "excluded_lines": []}, "": {"executed_lines": [1, 6, 7, 8, 9, 10, 11, 13, 14, 17, 18, 25, 37, 47, 77, 107, 137, 166, 195, 223, 260, 274, 289, 306, 320, 334], "summary": {"covered_lines": 24, "num_statements": 24, "percent_covered": 100.0, "percent_covered_display": "100", "missing_lines": 0, "excluded_lines": 0}, "missing_lines": [], "excluded_lines": []}}}, "src/services/llm_providers/__init__.py": {"executed_lines": [1, 6, 8], "summary": {"covered_lines": 2, "num_statements": 2, "percent_covered": 100.0, "percent_covered_display": "100", "missing_lines": 0, "excluded_lines": 0}, "missing_lines": [], "excluded_lines": [], "functions": {"": {"executed_lines": [1, 6, 8], "summary": {"covered_lines": 2, "num_statements": 2, "percent_covered": 100.0, "percent_covered_display": "100", "missing_lines": 0, "excluded_lines": 0}, "missing_lines": [], "excluded_lines": []}}, "classes": {"": {"executed_lines": [1, 6, 8], "summary": {"covered_lines": 2, "num_statements": 2, "percent_covered": 100.0, "percent_covered_display": "100", "missing_lines": 0, "excluded_lines": 0}, "missing_lines": [], "excluded_lines": []}}}, "src/services/llm_providers/qwen_provider.py": {"executed_lines": [1, 6, 7, 8, 9, 10, 12, 19, 22, 23, 30, 38, 39, 40, 41, 42, 43, 45, 66, 67, 70, 78, 80, 84, 87, 96, 97, 98, 99, 100, 103, 106, 107, 111, 112, 113, 114, 115, 116, 117, 121, 142, 143, 146, 154, 156, 160, 163, 172, 174, 176, 179, 182, 183, 197, 214, 215, 218, 227, 236, 238, 240, 243, 246, 247, 261, 278, 280, 293, 296, 297, 298, 299, 300, 302, 313, 332, 334, 340, 341, 343, 353, 356, 357, 358, 359, 373, 390, 391, 392, 394, 395, 422, 428, 434, 441, 449, 459, 497, 505, 512, 513, 516, 518, 519, 521, 541, 543], "summary": {"covered_lines": 106, "num_statements": 158, "percent_covered": 67.0886075949367, "percent_covered_display": "67", "missing_lines": 52, "excluded_lines": 0}, "missing_lines": [79, 81, 101, 109, 119, 155, 157, 173, 175, 177, 185, 187, 188, 189, 190, 191, 192, 193, 195, 237, 239, 241, 249, 251, 252, 253, 254, 255, 256, 257, 259, 309, 310, 311, 360, 362, 369, 370, 371, 400, 401, 406, 407, 412, 413, 420, 430, 431, 432, 530, 531, 532], "excluded_lines": [], "functions": {"QwenProvider.__init__": {"executed_lines": [38, 39, 40, 41, 42, 43], "summary": {"covered_lines": 6, "num_statements": 6, "percent_covered": 100.0, "percent_covered_display": "100", "missing_lines": 0, "excluded_lines": 0}, "missing_lines": [], "excluded_lines": []}, "QwenProvider.generate_text": {"executed_lines": [66, 67, 70, 78, 80, 84, 87, 96, 97, 98, 99, 100, 103, 106, 107, 111, 112, 113, 114, 115, 116, 117], "summary": {"covered_lines": 22, "num_statements": 27, "percent_covered": 81.48148148148148, "percent_covered_display": "81", "missing_lines": 5, "excluded_lines": 0}, "missing_lines": [79, 81, 101, 109, 119], "excluded_lines": []}, "QwenProvider.chat_completion": {"executed_lines": [142, 143, 146, 154, 156, 160, 163, 172, 174, 176, 179, 182, 183], "summary": {"covered_lines": 13, "num_statements": 27, "percent_covered": 48.148148148148145, "percent_covered_display": "48", "missing_lines": 14, "excluded_lines": 0}, "missing_lines": [155, 157, 173, 175, 177, 185, 187, 188, 189, 190, 191, 192, 193, 195], "excluded_lines": []}, "QwenProvider.generate_embeddings": {"executed_lines": [214, 215, 218, 227, 236, 238, 240, 243, 246, 247], "summary": {"covered_lines": 10, "num_statements": 22, "percent_covered": 45.45454545454545, "percent_covered_display": "45", "missing_lines": 12, "excluded_lines": 0}, "missing_lines": [237, 239, 241, 249, 251, 252, 253, 254, 255, 256, 257, 259], "excluded_lines": []}, "QwenProvider.analyze_sentiment": {"executed_lines": [278, 280, 293, 296, 297, 298, 299, 300, 302], "summary": {"covered_lines": 9, "num_statements": 12, "percent_covered": 75.0, "percent_covered_display": "75", "missing_lines": 3, "excluded_lines": 0}, "missing_lines": [309, 310, 311], "excluded_lines": []}, "QwenProvider.analyze_fact": {"executed_lines": [332, 334, 340, 341, 343, 353, 356, 357, 358, 359], "summary": {"covered_lines": 10, "num_statements": 15, "percent_covered": 66.66666666666667, "percent_covered_display": "67", "missing_lines": 5, "excluded_lines": 0}, "missing_lines": [360, 362, 369, 370, 371], "excluded_lines": []}, "QwenProvider.batch_process": {"executed_lines": [390, 391, 392, 394, 395, 422, 428], "summary": {"covered_lines": 7, "num_statements": 17, "percent_covered": 41.1764705882353, "percent_covered_display": "41", "missing_lines": 10, "excluded_lines": 0}, "missing_lines": [400, 401, 406, 407, 412, 413, 420, 430, 431, 432], "excluded_lines": []}, "QwenProvider.get_available_models": {"executed_lines": [441], "summary": {"covered_lines": 1, "num_statements": 1, "percent_covered": 100.0, "percent_covered_display": "100", "missing_lines": 0, "excluded_lines": 0}, "missing_lines": [], "excluded_lines": []}, "QwenProvider.get_model_info": {"executed_lines": [459, 497], "summary": {"covered_lines": 2, "num_statements": 2, "percent_covered": 100.0, "percent_covered_display": "100", "missing_lines": 0, "excluded_lines": 0}, "missing_lines": [], "excluded_lines": []}, "QwenProvider.health_check": {"executed_lines": [512, 513, 516, 518, 519, 521], "summary": {"covered_lines": 6, "num_statements": 9, "percent_covered": 66.66666666666667, "percent_covered_display": "67", "missing_lines": 3, "excluded_lines": 0}, "missing_lines": [530, 531, 532], "excluded_lines": []}, "QwenProvider.close": {"executed_lines": [543], "summary": {"covered_lines": 1, "num_statements": 1, "percent_covered": 100.0, "percent_covered_display": "100", "missing_lines": 0, "excluded_lines": 0}, "missing_lines": [], "excluded_lines": []}, "": {"executed_lines": [1, 6, 7, 8, 9, 10, 12, 19, 22, 23, 30, 45, 121, 197, 261, 313, 373, 434, 449, 505, 541], "summary": {"covered_lines": 19, "num_statements": 19, "percent_covered": 100.0, "percent_covered_display": "100", "missing_lines": 0, "excluded_lines": 0}, "missing_lines": [], "excluded_lines": []}}, "classes": {"QwenProvider": {"executed_lines": [38, 39, 40, 41, 42, 43, 66, 67, 70, 78, 80, 84, 87, 96, 97, 98, 99, 100, 103, 106, 107, 111, 112, 113, 114, 115, 116, 117, 142, 143, 146, 154, 156, 160, 163, 172, 174, 176, 179, 182, 183, 214, 215, 218, 227, 236, 238, 240, 243, 246, 247, 278, 280, 293, 296, 297, 298, 299, 300, 302, 332, 334, 340, 341, 343, 353, 356, 357, 358, 359, 390, 391, 392, 394, 395, 422, 428, 441, 459, 497, 512, 513, 516, 518, 519, 521, 543], "summary": {"covered_lines": 87, "num_statements": 139, "percent_covered": 62.589928057553955, "percent_covered_display": "63", "missing_lines": 52, "excluded_lines": 0}, "missing_lines": [79, 81, 101, 109, 119, 155, 157, 173, 175, 177, 185, 187, 188, 189, 190, 191, 192, 193, 195, 237, 239, 241, 249, 251, 252, 253, 254, 255, 256, 257, 259, 309, 310, 311, 360, 362, 369, 370, 371, 400, 401, 406, 407, 412, 413, 420, 430, 431, 432, 530, 531, 532], "excluded_lines": []}, "": {"executed_lines": [1, 6, 7, 8, 9, 10, 12, 19, 22, 23, 30, 45, 121, 197, 261, 313, 373, 434, 449, 505, 541], "summary": {"covered_lines": 19, "num_statements": 19, "percent_covered": 100.0, "percent_covered_display": "100", "missing_lines": 0, "excluded_lines": 0}, "missing_lines": [], "excluded_lines": []}}}, "src/services/llm_service.py": {"executed_lines": [1, 5, 6, 7, 8, 9, 10, 13, 14, 23, 30, 31, 32, 35, 39, 41, 43, 50, 60, 61, 63, 64, 65, 67, 74, 75, 77, 86, 94, 95, 96, 97, 102, 104, 110, 111, 112, 113, 115, 125, 126, 128, 129, 131, 144, 152, 153, 154, 155, 160, 162, 163, 165, 166, 168, 169, 170, 171, 172, 173, 178, 180, 191, 203, 205, 206, 207, 208, 209, 210, 212, 213, 215, 216, 220, 230, 231, 233], "summary": {"covered_lines": 76, "num_statements": 87, "percent_covered": 87.35632183908046, "percent_covered_display": "87", "missing_lines": 11, "excluded_lines": 0}, "missing_lines": [36, 37, 175, 176, 186, 187, 188, 189, 218, 243, 244], "excluded_lines": [], "functions": {"LLMService.__init__": {"executed_lines": [30, 31, 32, 35, 39], "summary": {"covered_lines": 5, "num_statements": 7, "percent_covered": 71.42857142857143, "percent_covered_display": "71", "missing_lines": 2, "excluded_lines": 0}, "missing_lines": [36, 37], "excluded_lines": []}, "LLMService.get_health_status": {"executed_lines": [43], "summary": {"covered_lines": 1, "num_statements": 1, "percent_covered": 100.0, "percent_covered_display": "100", "missing_lines": 0, "excluded_lines": 0}, "missing_lines": [], "excluded_lines": []}, "LLMService.analyze_fact": {"executed_lines": [60, 61, 63, 64, 65, 67, 74, 75, 77, 86, 94, 95, 96, 97, 102, 104, 110, 111, 112, 113], "summary": {"covered_lines": 20, "num_statements": 20, "percent_covered": 100.0, "percent_covered_display": "100", "missing_lines": 0, "excluded_lines": 0}, "missing_lines": [], "excluded_lines": []}, "LLMService.analyze_sentiment": {"executed_lines": [125, 126, 128, 129, 131, 144, 152, 153, 154, 155, 160, 162, 163, 165, 166, 168, 169, 170, 171, 172, 173, 178, 180], "summary": {"covered_lines": 23, "num_statements": 29, "percent_covered": 79.3103448275862, "percent_covered_display": "79", "missing_lines": 6, "excluded_lines": 0}, "missing_lines": [175, 176, 186, 187, 188, 189], "excluded_lines": []}, "LLMService.analyze_with_retry": {"executed_lines": [203, 205, 206, 207, 208, 209, 210, 212, 213, 215, 216], "summary": {"covered_lines": 11, "num_statements": 12, "percent_covered": 91.66666666666667, "percent_covered_display": "92", "missing_lines": 1, "excluded_lines": 0}, "missing_lines": [218], "excluded_lines": []}, "LLMService.batch_analyze_facts": {"executed_lines": [230, 231], "summary": {"covered_lines": 2, "num_statements": 2, "percent_covered": 100.0, "percent_covered_display": "100", "missing_lines": 0, "excluded_lines": 0}, "missing_lines": [], "excluded_lines": []}, "LLMService.batch_analyze_sentiments": {"executed_lines": [], "summary": {"covered_lines": 0, "num_statements": 2, "percent_covered": 0.0, "percent_covered_display": "0", "missing_lines": 2, "excluded_lines": 0}, "missing_lines": [243, 244], "excluded_lines": []}, "": {"executed_lines": [1, 5, 6, 7, 8, 9, 10, 13, 14, 23, 41, 50, 115, 191, 220, 233], "summary": {"covered_lines": 14, "num_statements": 14, "percent_covered": 100.0, "percent_covered_display": "100", "missing_lines": 0, "excluded_lines": 0}, "missing_lines": [], "excluded_lines": []}}, "classes": {"LLMService": {"executed_lines": [30, 31, 32, 35, 39, 43, 60, 61, 63, 64, 65, 67, 74, 75, 77, 86, 94, 95, 96, 97, 102, 104, 110, 111, 112, 113, 125, 126, 128, 129, 131, 144, 152, 153, 154, 155, 160, 162, 163, 165, 166, 168, 169, 170, 171, 172, 173, 178, 180, 203, 205, 206, 207, 208, 209, 210, 212, 213, 215, 216, 230, 231], "summary": {"covered_lines": 62, "num_statements": 73, "percent_covered": 84.93150684931507, "percent_covered_display": "85", "missing_lines": 11, "excluded_lines": 0}, "missing_lines": [36, 37, 175, 176, 186, 187, 188, 189, 218, 243, 244], "excluded_lines": []}, "": {"executed_lines": [1, 5, 6, 7, 8, 9, 10, 13, 14, 23, 41, 50, 115, 191, 220, 233], "summary": {"covered_lines": 14, "num_statements": 14, "percent_covered": 100.0, "percent_covered_display": "100", "missing_lines": 0, "excluded_lines": 0}, "missing_lines": [], "excluded_lines": []}}}, "src/services/quant_signal_service.py": {"executed_lines": [1, 6, 7, 8, 9, 10, 11, 12, 14, 15, 16, 17, 18, 21, 22, 24, 31, 32, 35, 36, 40, 41, 44, 45, 46, 47, 49, 68, 70, 72, 73, 74, 75, 78, 79, 80, 81, 84, 85, 86, 87, 90, 91, 92, 93, 96, 99, 104, 141, 142, 148, 167, 169, 171, 172, 175, 176, 179, 180, 181, 184, 185, 189, 190, 191, 193, 194, 200, 210, 212, 213, 215, 218, 219, 220, 222, 223, 229, 249, 251, 252, 255, 256, 258, 260, 261, 264, 265, 267, 269, 270, 273, 274, 276, 278, 279, 282, 283, 285, 288, 290, 293, 295, 298, 300, 303, 305, 308, 310, 313, 315, 318, 320, 323, 325, 327, 328, 331, 332, 334, 336, 337, 340, 341, 343, 345, 346, 349, 350, 352, 354, 355, 358, 359, 361, 370, 371, 373, 374, 376, 383, 385, 386, 388, 389, 391, 393, 395, 397, 398, 399, 401, 422, 424, 426, 428, 429, 430, 432, 453, 455, 457, 458, 460, 461, 462, 464, 485], "summary": {"covered_lines": 166, "num_statements": 183, "percent_covered": 90.7103825136612, "percent_covered_display": "91", "missing_lines": 17, "excluded_lines": 0}, "missing_lines": [144, 145, 146, 173, 186, 196, 197, 198, 225, 226, 227, 239, 240, 241, 245, 246, 247], "excluded_lines": [], "functions": {"QuantSignalService.__init__": {"executed_lines": [31, 32, 35, 36, 40, 41, 44, 45, 46, 47], "summary": {"covered_lines": 10, "num_statements": 10, "percent_covered": 100.0, "percent_covered_display": "100", "missing_lines": 0, "excluded_lines": 0}, "missing_lines": [], "excluded_lines": []}, "QuantSignalService.calculate_quant_signal": {"executed_lines": [68, 70, 72, 73, 74, 75, 78, 79, 80, 81, 84, 85, 86, 87, 90, 91, 92, 93, 96, 99, 104, 141, 142], "summary": {"covered_lines": 23, "num_statements": 26, "percent_covered": 88.46153846153847, "percent_covered_display": "88", "missing_lines": 3, "excluded_lines": 0}, "missing_lines": [144, 145, 146], "excluded_lines": []}, "QuantSignalService.detect_anomalies": {"executed_lines": [167, 169, 171, 172, 175, 176, 179, 180, 181, 184, 185, 189, 190, 191, 193, 194], "summary": {"covered_lines": 16, "num_statements": 21, "percent_covered": 76.19047619047619, "percent_covered_display": "76", "missing_lines": 5, "excluded_lines": 0}, "missing_lines": [173, 186, 196, 197, 198], "excluded_lines": []}, "QuantSignalService.save_quant_signal": {"executed_lines": [210, 212, 213, 215, 218, 219, 220, 222, 223], "summary": {"covered_lines": 9, "num_statements": 12, "percent_covered": 75.0, "percent_covered_display": "75", "missing_lines": 3, "excluded_lines": 0}, "missing_lines": [225, 226, 227], "excluded_lines": []}, "QuantSignalService.get_quant_signal_by_id": {"executed_lines": [], "summary": {"covered_lines": 0, "num_statements": 6, "percent_covered": 0.0, "percent_covered_display": "0", "missing_lines": 6, "excluded_lines": 0}, "missing_lines": [239, 240, 241, 245, 246, 247], "excluded_lines": []}, "QuantSignalService._calculate_return_z_score": {"executed_lines": [251, 252, 255, 256], "summary": {"covered_lines": 4, "num_statements": 4, "percent_covered": 100.0, "percent_covered_display": "100", "missing_lines": 0, "excluded_lines": 0}, "missing_lines": [], "excluded_lines": []}, "QuantSignalService._calculate_volume_z_score": {"executed_lines": [260, 261, 264, 265], "summary": {"covered_lines": 4, "num_statements": 4, "percent_covered": 100.0, "percent_covered_display": "100", "missing_lines": 0, "excluded_lines": 0}, "missing_lines": [], "excluded_lines": []}, "QuantSignalService._calculate_momentum_z_score": {"executed_lines": [269, 270, 273, 274], "summary": {"covered_lines": 4, "num_statements": 4, "percent_covered": 100.0, "percent_covered_display": "100", "missing_lines": 0, "excluded_lines": 0}, "missing_lines": [], "excluded_lines": []}, "QuantSignalService._calculate_volatility_z_score": {"executed_lines": [278, 279, 282, 283], "summary": {"covered_lines": 4, "num_statements": 4, "percent_covered": 100.0, "percent_covered_display": "100", "missing_lines": 0, "excluded_lines": 0}, "missing_lines": [], "excluded_lines": []}, "QuantSignalService._calculate_macro_risk_z_score": {"executed_lines": [288], "summary": {"covered_lines": 1, "num_statements": 1, "percent_covered": 100.0, "percent_covered_display": "100", "missing_lines": 0, "excluded_lines": 0}, "missing_lines": [], "excluded_lines": []}, "QuantSignalService._calculate_market_style_z_score": {"executed_lines": [293], "summary": {"covered_lines": 1, "num_statements": 1, "percent_covered": 100.0, "percent_covered_display": "100", "missing_lines": 0, "excluded_lines": 0}, "missing_lines": [], "excluded_lines": []}, "QuantSignalService._calculate_industry_rotation_z_score": {"executed_lines": [298], "summary": {"covered_lines": 1, "num_statements": 1, "percent_covered": 100.0, "percent_covered_display": "100", "missing_lines": 0, "excluded_lines": 0}, "missing_lines": [], "excluded_lines": []}, "QuantSignalService._calculate_concept_z_score": {"executed_lines": [303], "summary": {"covered_lines": 1, "num_statements": 1, "percent_covered": 100.0, "percent_covered_display": "100", "missing_lines": 0, "excluded_lines": 0}, "missing_lines": [], "excluded_lines": []}, "QuantSignalService._calculate_mda_fulfillment_rate": {"executed_lines": [308], "summary": {"covered_lines": 1, "num_statements": 1, "percent_covered": 100.0, "percent_covered_display": "100", "missing_lines": 0, "excluded_lines": 0}, "missing_lines": [], "excluded_lines": []}, "QuantSignalService._calculate_management_credibility_score": {"executed_lines": [313], "summary": {"covered_lines": 1, "num_statements": 1, "percent_covered": 100.0, "percent_covered_display": "100", "missing_lines": 0, "excluded_lines": 0}, "missing_lines": [], "excluded_lines": []}, "QuantSignalService._calculate_disclosure_quality_score": {"executed_lines": [318], "summary": {"covered_lines": 1, "num_statements": 1, "percent_covered": 100.0, "percent_covered_display": "100", "missing_lines": 0, "excluded_lines": 0}, "missing_lines": [], "excluded_lines": []}, "QuantSignalService._calculate_financial_transparency_score": {"executed_lines": [323], "summary": {"covered_lines": 1, "num_statements": 1, "percent_covered": 100.0, "percent_covered_display": "100", "missing_lines": 0, "excluded_lines": 0}, "missing_lines": [], "excluded_lines": []}, "QuantSignalService._calculate_rsi": {"executed_lines": [327, 328, 331, 332], "summary": {"covered_lines": 4, "num_statements": 4, "percent_covered": 100.0, "percent_covered_display": "100", "missing_lines": 0, "excluded_lines": 0}, "missing_lines": [], "excluded_lines": []}, "QuantSignalService._calculate_macd_signal": {"executed_lines": [336, 337, 340, 341], "summary": {"covered_lines": 4, "num_statements": 4, "percent_covered": 100.0, "percent_covered_display": "100", "missing_lines": 0, "excluded_lines": 0}, "missing_lines": [], "excluded_lines": []}, "QuantSignalService._calculate_bollinger_position": {"executed_lines": [345, 346, 349, 350], "summary": {"covered_lines": 4, "num_statements": 4, "percent_covered": 100.0, "percent_covered_display": "100", "missing_lines": 0, "excluded_lines": 0}, "missing_lines": [], "excluded_lines": []}, "QuantSignalService._calculate_ma_signal": {"executed_lines": [354, 355, 358, 359], "summary": {"covered_lines": 4, "num_statements": 4, "percent_covered": 100.0, "percent_covered_display": "100", "missing_lines": 0, "excluded_lines": 0}, "missing_lines": [], "excluded_lines": []}, "QuantSignalService._calculate_overall_signal_strength": {"executed_lines": [370, 371, 373, 374], "summary": {"covered_lines": 4, "num_statements": 4, "percent_covered": 100.0, "percent_covered_display": "100", "missing_lines": 0, "excluded_lines": 0}, "missing_lines": [], "excluded_lines": []}, "QuantSignalService._calculate_signal_confidence": {"executed_lines": [383, 385, 386, 388, 389, 391], "summary": {"covered_lines": 6, "num_statements": 6, "percent_covered": 100.0, "percent_covered_display": "100", "missing_lines": 0, "excluded_lines": 0}, "missing_lines": [], "excluded_lines": []}, "QuantSignalService._detect_price_anomaly": {"executed_lines": [395, 397, 398, 399, 401, 422], "summary": {"covered_lines": 6, "num_statements": 6, "percent_covered": 100.0, "percent_covered_display": "100", "missing_lines": 0, "excluded_lines": 0}, "missing_lines": [], "excluded_lines": []}, "QuantSignalService._detect_volume_anomaly": {"executed_lines": [426, 428, 429, 430, 432, 453], "summary": {"covered_lines": 6, "num_statements": 6, "percent_covered": 100.0, "percent_covered_display": "100", "missing_lines": 0, "excluded_lines": 0}, "missing_lines": [], "excluded_lines": []}, "QuantSignalService._detect_volatility_anomaly": {"executed_lines": [457, 458, 460, 461, 462, 464, 485], "summary": {"covered_lines": 7, "num_statements": 7, "percent_covered": 100.0, "percent_covered_display": "100", "missing_lines": 0, "excluded_lines": 0}, "missing_lines": [], "excluded_lines": []}, "": {"executed_lines": [1, 6, 7, 8, 9, 10, 11, 12, 14, 15, 16, 17, 18, 21, 22, 24, 49, 148, 200, 229, 249, 258, 267, 276, 285, 290, 295, 300, 305, 310, 315, 320, 325, 334, 343, 352, 361, 376, 393, 424, 455], "summary": {"covered_lines": 39, "num_statements": 39, "percent_covered": 100.0, "percent_covered_display": "100", "missing_lines": 0, "excluded_lines": 0}, "missing_lines": [], "excluded_lines": []}}, "classes": {"QuantSignalService": {"executed_lines": [31, 32, 35, 36, 40, 41, 44, 45, 46, 47, 68, 70, 72, 73, 74, 75, 78, 79, 80, 81, 84, 85, 86, 87, 90, 91, 92, 93, 96, 99, 104, 141, 142, 167, 169, 171, 172, 175, 176, 179, 180, 181, 184, 185, 189, 190, 191, 193, 194, 210, 212, 213, 215, 218, 219, 220, 222, 223, 251, 252, 255, 256, 260, 261, 264, 265, 269, 270, 273, 274, 278, 279, 282, 283, 288, 293, 298, 303, 308, 313, 318, 323, 327, 328, 331, 332, 336, 337, 340, 341, 345, 346, 349, 350, 354, 355, 358, 359, 370, 371, 373, 374, 383, 385, 386, 388, 389, 391, 395, 397, 398, 399, 401, 422, 426, 428, 429, 430, 432, 453, 457, 458, 460, 461, 462, 464, 485], "summary": {"covered_lines": 127, "num_statements": 144, "percent_covered": 88.19444444444444, "percent_covered_display": "88", "missing_lines": 17, "excluded_lines": 0}, "missing_lines": [144, 145, 146, 173, 186, 196, 197, 198, 225, 226, 227, 239, 240, 241, 245, 246, 247], "excluded_lines": []}, "": {"executed_lines": [1, 6, 7, 8, 9, 10, 11, 12, 14, 15, 16, 17, 18, 21, 22, 24, 49, 148, 200, 229, 249, 258, 267, 276, 285, 290, 295, 300, 305, 310, 315, 320, 325, 334, 343, 352, 361, 376, 393, 424, 455], "summary": {"covered_lines": 39, "num_statements": 39, "percent_covered": 100.0, "percent_covered_display": "100", "missing_lines": 0, "excluded_lines": 0}, "missing_lines": [], "excluded_lines": []}}}}, "totals": {"covered_lines": 804, "num_statements": 1025, "percent_covered": 78.4390243902439, "percent_covered_display": "78", "missing_lines": 221, "excluded_lines": 0}}